Design Assistant report for CPMath
Wed Jun 19 17:49:39 2019
Quartus Prime Version 17.1.0 Build 590 10/25/2017 SJ Standard Edition


---------------------
; Table of Contents ;
---------------------
  1. Legal Notice
  2. Design Assistant Summary
  3. Design Assistant Settings
  4. High Violations
  5. Medium Violations
  6. Information only Violations
  7. Design Assistant Messages



----------------
; Legal Notice ;
----------------
Copyright (C) 2017  Intel Corporation. All rights reserved.
Your use of Intel Corporation's design tools, logic functions 
and other software and tools, and its AMPP partner logic 
functions, and any output files from any of the foregoing 
(including device programming or simulation files), and any 
associated documentation or information are expressly subject 
to the terms and conditions of the Intel Program License 
Subscription Agreement, the Intel Quartus Prime License Agreement,
the Intel FPGA IP License Agreement, or other applicable license
agreement, including, without limitation, that your use is for
the sole purpose of programming logic devices manufactured by
Intel and sold by Intel or its authorized distributors.  Please
refer to the applicable agreement for further details.



+-------------------------------------------------------------------------+
; Design Assistant Summary                                                ;
+-----------------------------------+-------------------------------------+
; Design Assistant Status           ; Analyzed - Wed Jun 19 17:49:39 2019 ;
; Revision Name                     ; CPMath                              ;
; Top-level Entity Name             ; CPMath                              ;
; Family                            ; Cyclone IV E                        ;
; Total Critical Violations         ; 0                                   ;
; Total High Violations             ; 14                                  ;
; - Rule D101                       ; 14                                  ;
; Total Medium Violations           ; 2                                   ;
; - Rule C104                       ; 1                                   ;
; - Rule D102                       ; 1                                   ;
; Total Information only Violations ; 101                                 ;
; - Rule T101                       ; 51                                  ;
; - Rule T102                       ; 50                                  ;
+-----------------------------------+-------------------------------------+


+------------------------------------------------------------------------------------------------------------------------------------------------------------------------------------------+
; Design Assistant Settings                                                                                                                                                                ;
+----------------------------------------------------------------------------------------------------------------------------------------------------------------------+--------------+----+
; Option                                                                                                                                                               ; Setting      ; To ;
+----------------------------------------------------------------------------------------------------------------------------------------------------------------------+--------------+----+
; Design Assistant mode                                                                                                                                                ; Post-Fitting ;    ;
; Threshold value for clock net not mapped to clock spines rule                                                                                                        ; 25           ;    ;
; Minimum number of clock port feed by gated clocks                                                                                                                    ; 30           ;    ;
; Minimum number of node fan-out                                                                                                                                       ; 30           ;    ;
; Maximum number of nodes to report                                                                                                                                    ; 50           ;    ;
; Rule C101: Gated clock should be implemented according to the Intel FPGA standard scheme                                                                             ; On           ;    ;
; Rule C102: Logic cell should not be used to generate an inverted clock signal                                                                                        ; On           ;    ;
; Rule C103: Gated clock does not feed at least a pre-defined number of clock ports to effectively save power                                                          ; On           ;    ;
; Rule C104: Clock signal source should drive only clock input ports                                                                                                   ; On           ;    ;
; Rule C105: Clock signal should be a global signal                                                                                                                    ; On           ;    ;
; Rule C106: Clock signal source should not drive registers triggered by different clock edges                                                                         ; On           ;    ;
; Rule R101: Combinational logic used as a reset signal should be synchronized                                                                                         ; On           ;    ;
; Rule R102: External reset signals should be synchronized using two cascaded registers                                                                                ; On           ;    ;
; Rule R103: External reset signal should be correctly synchronized                                                                                                    ; On           ;    ;
; Rule R104: The reset signal that is generated in one clock domain and used in another clock domain should be correctly synchronized                                  ; On           ;    ;
; Rule R105: The reset signal that is generated in one clock domain and used in another clock domain should be synchronized                                            ; On           ;    ;
; Rule T101: Nodes with more than the specified number of fan-outs                                                                                                     ; On           ;    ;
; Rule T102: Top nodes with the highest number of fan-outs                                                                                                             ; On           ;    ;
; Rule A101: Design should not contain combinational loops                                                                                                             ; On           ;    ;
; Rule A102: Register output should not drive its own control signal directly or through combinational logic                                                           ; On           ;    ;
; Rule A103: Design should not contain delay chains                                                                                                                    ; On           ;    ;
; Rule A104: Design should not contain ripple clock structures                                                                                                         ; On           ;    ;
; Rule A105: Pulses should not be implemented asynchronously                                                                                                           ; On           ;    ;
; Rule A106: Multiple pulses should not be generated in design                                                                                                         ; On           ;    ;
; Rule A107: Design should not contain SR latches                                                                                                                      ; On           ;    ;
; Rule A108: Design should not contain latches                                                                                                                         ; On           ;    ;
; Rule S101: Output enable and input of the same tri-state node should not be driven by same signal source                                                             ; On           ;    ;
; Rule S102: Synchronous port and asynchronous port of the same register should not be driven by the same signal source                                                ; On           ;    ;
; Rule S103: More than one asynchronous port of a register should not be driven by the same signal source                                                              ; On           ;    ;
; Rule S104: Clock port and any other port of a register should not be driven by the same signal source                                                                ; On           ;    ;
; Rule D101: Data bits are not synchronized when transferred between asynchronous clock domains                                                                        ; On           ;    ;
; Rule D102: Multiple data bits that are transferred across asynchronous clock domains are synchronized, but not all bits may be aligned in the receiving clock domain ; On           ;    ;
; Rule D103: Data bits are not correctly synchronized when transferred between asynchronous clock domains                                                              ; On           ;    ;
+----------------------------------------------------------------------------------------------------------------------------------------------------------------------+--------------+----+


+-------------------------------------------------------------------------------------------------------------------------------------------------+
; High Violations                                                                                                                                 ;
+--------------------------------------------------------------------------------------------------------------+----------------------------------+
; Rule name                                                                                                    ; Name                             ;
+--------------------------------------------------------------------------------------------------------------+----------------------------------+
; Rule D101: Data bits are not synchronized when transferred between asynchronous clock domains - Structure 1  ;                                  ;
;  Source node(s) from clock "clk"                                                                             ; DeBounce:btnReset|DB_out         ;
;  Destination node(s) from clock "clk_div"                                                                    ; PC:programCounter|output_[28]    ;
;  Destination node(s) from clock "clk_div"                                                                    ; PC:programCounter|output_[27]    ;
;  Destination node(s) from clock "clk_div"                                                                    ; PC:programCounter|output_[18]    ;
;  Destination node(s) from clock "clk_div"                                                                    ; PC:programCounter|output_[2]     ;
;  Destination node(s) from clock "clk_div"                                                                    ; PC:programCounter|output_[13]    ;
;  Destination node(s) from clock "clk_div"                                                                    ; PC:programCounter|output_[16]    ;
;  Destination node(s) from clock "clk_div"                                                                    ; PC:programCounter|output_[19]    ;
;  Destination node(s) from clock "clk_div"                                                                    ; PC:programCounter|output_[31]    ;
;  Destination node(s) from clock "clk_div"                                                                    ; PC:programCounter|output_[0]     ;
;  Destination node(s) from clock "clk_div"                                                                    ; PC:programCounter|output_[1]     ;
; Rule D101: Data bits are not synchronized when transferred between asynchronous clock domains - Structure 2  ;                                  ;
;  Source node(s) from clock "clk"                                                                             ; memory:mem|memOut[29]            ;
;  Destination node(s) from clock "clk_div"                                                                    ; GPR:MDR|output_[3]               ;
;  Destination node(s) from clock "clk_div"                                                                    ; IR:inst|imme[3]                  ;
; Rule D101: Data bits are not synchronized when transferred between asynchronous clock domains - Structure 3  ;                                  ;
;  Source node(s) from clock "clk_div"                                                                         ; mux32:muxMem|output_[6]          ;
;  Destination node(s) from clock "clk"                                                                        ; memory:mem|memOut[2]             ;
;  Destination node(s) from clock "clk"                                                                        ; memory:mem|memOut[1]             ;
;  Destination node(s) from clock "clk"                                                                        ; memory:mem|memOut[29]            ;
;  Destination node(s) from clock "clk"                                                                        ; memory:mem|memOut[0]             ;
;  Destination node(s) from clock "clk"                                                                        ; memory:mem|memOut[13]            ;
;  Destination node(s) from clock "clk"                                                                        ; memory:mem|memOut[16]            ;
;  Destination node(s) from clock "clk"                                                                        ; memory:mem|memOut[17]            ;
; Rule D101: Data bits are not synchronized when transferred between asynchronous clock domains - Structure 4  ;                                  ;
;  Source node(s) from clock "clk"                                                                             ; memory:mem|memOut[0]             ;
;  Destination node(s) from clock "clk_div"                                                                    ; IR:inst|imme[0]                  ;
;  Destination node(s) from clock "clk_div"                                                                    ; GPR:MDR|output_[0]               ;
; Rule D101: Data bits are not synchronized when transferred between asynchronous clock domains - Structure 5  ;                                  ;
;  Source node(s) from clock "clk_div"                                                                         ; mux32:muxMem|output_[3]          ;
;  Destination node(s) from clock "clk"                                                                        ; memory:mem|memOut[2]             ;
;  Destination node(s) from clock "clk"                                                                        ; memory:mem|memOut[1]             ;
;  Destination node(s) from clock "clk"                                                                        ; memory:mem|memOut[29]            ;
;  Destination node(s) from clock "clk"                                                                        ; memory:mem|memOut[0]             ;
;  Destination node(s) from clock "clk"                                                                        ; memory:mem|memOut[13]            ;
;  Destination node(s) from clock "clk"                                                                        ; memory:mem|memOut[16]            ;
;  Destination node(s) from clock "clk"                                                                        ; memory:mem|memOut[17]            ;
; Rule D101: Data bits are not synchronized when transferred between asynchronous clock domains - Structure 6  ;                                  ;
;  Source node(s) from clock "clk"                                                                             ; memory:mem|memOut[1]             ;
;  Destination node(s) from clock "clk_div"                                                                    ; IR:inst|imme[1]                  ;
;  Destination node(s) from clock "clk_div"                                                                    ; GPR:MDR|output_[1]               ;
; Rule D101: Data bits are not synchronized when transferred between asynchronous clock domains - Structure 7  ;                                  ;
;  Source node(s) from clock "clk_div"                                                                         ; mux32:muxMem|output_[0]          ;
;  Destination node(s) from clock "clk"                                                                        ; memory:mem|memOut[2]             ;
;  Destination node(s) from clock "clk"                                                                        ; memory:mem|memOut[1]             ;
;  Destination node(s) from clock "clk"                                                                        ; memory:mem|memOut[29]            ;
;  Destination node(s) from clock "clk"                                                                        ; memory:mem|memOut[0]             ;
;  Destination node(s) from clock "clk"                                                                        ; memory:mem|memOut[13]            ;
;  Destination node(s) from clock "clk"                                                                        ; memory:mem|memOut[17]            ;
; Rule D101: Data bits are not synchronized when transferred between asynchronous clock domains - Structure 8  ;                                  ;
;  Source node(s) from clock "clk_div"                                                                         ; mux32:muxMem|output_[1]          ;
;  Destination node(s) from clock "clk"                                                                        ; memory:mem|memOut[2]             ;
;  Destination node(s) from clock "clk"                                                                        ; memory:mem|memOut[1]             ;
;  Destination node(s) from clock "clk"                                                                        ; memory:mem|memOut[29]            ;
;  Destination node(s) from clock "clk"                                                                        ; memory:mem|memOut[13]            ;
;  Destination node(s) from clock "clk"                                                                        ; memory:mem|memOut[16]            ;
;  Destination node(s) from clock "clk"                                                                        ; memory:mem|memOut[17]            ;
; Rule D101: Data bits are not synchronized when transferred between asynchronous clock domains - Structure 9  ;                                  ;
;  Source node(s) from clock "clk_div"                                                                         ; mux32:muxMem|output_[2]          ;
;  Destination node(s) from clock "clk"                                                                        ; memory:mem|memOut[2]             ;
;  Destination node(s) from clock "clk"                                                                        ; memory:mem|memOut[1]             ;
;  Destination node(s) from clock "clk"                                                                        ; memory:mem|memOut[29]            ;
;  Destination node(s) from clock "clk"                                                                        ; memory:mem|memOut[0]             ;
;  Destination node(s) from clock "clk"                                                                        ; memory:mem|memOut[13]            ;
;  Destination node(s) from clock "clk"                                                                        ; memory:mem|memOut[16]            ;
;  Destination node(s) from clock "clk"                                                                        ; memory:mem|memOut[17]            ;
; Rule D101: Data bits are not synchronized when transferred between asynchronous clock domains - Structure 10 ;                                  ;
;  Source node(s) from clock "clk"                                                                             ; memory:mem|memOut[2]             ;
;  Destination node(s) from clock "clk_div"                                                                    ; IR:inst|imme[2]                  ;
;  Destination node(s) from clock "clk_div"                                                                    ; GPR:MDR|output_[2]               ;
; Rule D101: Data bits are not synchronized when transferred between asynchronous clock domains - Structure 11 ;                                  ;
;  Source node(s) from clock "clk_div"                                                                         ; mux32:muxMem|output_[5]          ;
;  Destination node(s) from clock "clk"                                                                        ; memory:mem|memOut[2]             ;
;  Destination node(s) from clock "clk"                                                                        ; memory:mem|memOut[1]             ;
;  Destination node(s) from clock "clk"                                                                        ; memory:mem|memOut[29]            ;
;  Destination node(s) from clock "clk"                                                                        ; memory:mem|memOut[0]             ;
;  Destination node(s) from clock "clk"                                                                        ; memory:mem|memOut[13]            ;
;  Destination node(s) from clock "clk"                                                                        ; memory:mem|memOut[16]            ;
;  Destination node(s) from clock "clk"                                                                        ; memory:mem|memOut[17]            ;
; Rule D101: Data bits are not synchronized when transferred between asynchronous clock domains - Structure 12 ;                                  ;
;  Source node(s) from clock "clk_div"                                                                         ; mux32:muxMem|output_[4]          ;
;  Destination node(s) from clock "clk"                                                                        ; memory:mem|memOut[2]             ;
;  Destination node(s) from clock "clk"                                                                        ; memory:mem|memOut[1]             ;
;  Destination node(s) from clock "clk"                                                                        ; memory:mem|memOut[29]            ;
;  Destination node(s) from clock "clk"                                                                        ; memory:mem|memOut[0]             ;
;  Destination node(s) from clock "clk"                                                                        ; memory:mem|memOut[13]            ;
;  Destination node(s) from clock "clk"                                                                        ; memory:mem|memOut[16]            ;
;  Destination node(s) from clock "clk"                                                                        ; memory:mem|memOut[17]            ;
; Rule D101: Data bits are not synchronized when transferred between asynchronous clock domains - Structure 13 ;                                  ;
;  Source node(s) from clock "clk"                                                                             ; memory:mem|memOut[13]            ;
;  Destination node(s) from clock "clk_div"                                                                    ; IR:inst|imme[13]                 ;
; Rule D101: Data bits are not synchronized when transferred between asynchronous clock domains - Structure 14 ;                                  ;
;  Source node(s) from clock "clk_div"                                                                         ; displayReg:display|output_[0]    ;
;  Destination node(s) from clock "clk"                                                                        ; seteSegmentos:digito0|output_[3] ;
;  Destination node(s) from clock "clk"                                                                        ; seteSegmentos:digito0|output_[0] ;
;  Destination node(s) from clock "clk"                                                                        ; seteSegmentos:digito0|output_[5] ;
;  Destination node(s) from clock "clk"                                                                        ; seteSegmentos:digito0|output_[4] ;
+--------------------------------------------------------------------------------------------------------------+----------------------------------+


+--------------------------------------------------------------------------------------------------------------------------------------------------------------------------------------------------------------------+
; Medium Violations                                                                                                                                                                                                  ;
+------------------------------------------------------------------------------------------------------------------------------------------------------------------------------------+-------------------------------+
; Rule name                                                                                                                                                                          ; Name                          ;
+------------------------------------------------------------------------------------------------------------------------------------------------------------------------------------+-------------------------------+
; Rule C104: Clock signal source should drive only clock input ports                                                                                                                 ; clk_div                       ;
;  Clock ports destination node(s) list                                                                                                                                              ; GPR:ulaOut|output_[0]         ;
;  Clock ports destination node(s) list                                                                                                                                              ; IR:inst|imme[3]               ;
;  Clock ports destination node(s) list                                                                                                                                              ; controlUnit:control|estado.s0 ;
;  Clock ports destination node(s) list                                                                                                                                              ; controlUnit:control|estado.s7 ;
;  Clock ports destination node(s) list                                                                                                                                              ; controlUnit:control|estado.s6 ;
;  Clock ports destination node(s) list                                                                                                                                              ; controlUnit:control|estado.s1 ;
;  Clock ports destination node(s) list                                                                                                                                              ; controlUnit:control|estado.s4 ;
;  Clock ports destination node(s) list                                                                                                                                              ; controlUnit:control|estado.s3 ;
;  Clock ports destination node(s) list                                                                                                                                              ; controlUnit:control|estado.s2 ;
;  Clock ports destination node(s) list                                                                                                                                              ; mux32:muxMem|output_[6]       ;
;  Non-clock ports destination node(s) list                                                                                                                                          ; clk_div~0                     ;
; Rule D102: Multiple data bits that are transferred across asynchronous clock domains are synchronized, but not all bits may be aligned in the receiving clock domain - Structure 1 ;                               ;
;  Source node(s) from clock "clk" - (Bus)                                                                                                                                           ; memory:mem|memOut             ;
;  Synchronizer node(s) from clock "clk_div" - (Bus)                                                                                                                                 ; IR:inst|imme                  ;
+------------------------------------------------------------------------------------------------------------------------------------------------------------------------------------+-------------------------------+


+-------------------------------------------------------------------------------------------------------------------------------------------------------------------------------------------------------------------+
; Information only Violations                                                                                                                                                                                       ;
+------------------------------------------------------------------+--------------------------------------------------------------------------------------------------------------------------------------+---------+
; Rule name                                                        ; Name                                                                                                                                 ; Fan-Out ;
+------------------------------------------------------------------+--------------------------------------------------------------------------------------------------------------------------------------+---------+
; Rule T101: Nodes with more than the specified number of fan-outs ; IR:inst|imme[3]                                                                                                                      ; 111     ;
; Rule T101: Nodes with more than the specified number of fan-outs ; controlUnit:control|estado.s0                                                                                                        ; 33      ;
; Rule T101: Nodes with more than the specified number of fan-outs ; DeBounce:btnReset|DB_out                                                                                                             ; 43      ;
; Rule T101: Nodes with more than the specified number of fan-outs ; clk~inputclkctrl                                                                                                                     ; 44      ;
; Rule T101: Nodes with more than the specified number of fan-outs ; controlUnit:control|estado.s6                                                                                                        ; 33      ;
; Rule T101: Nodes with more than the specified number of fan-outs ; clk_div~clkctrl                                                                                                                      ; 177     ;
; Rule T101: Nodes with more than the specified number of fan-outs ; controlUnit:control|estado.s2                                                                                                        ; 59      ;
; Rule T101: Nodes with more than the specified number of fan-outs ; PC:programCounter|output_[7]~1                                                                                                       ; 32      ;
; Rule T101: Nodes with more than the specified number of fan-outs ; mux32B:muxB|output_[0]~_Duplicate_2                                                                                                  ; 135     ;
; Rule T101: Nodes with more than the specified number of fan-outs ; IR:inst|imme[0]                                                                                                                      ; 31      ;
; Rule T101: Nodes with more than the specified number of fan-outs ; ~GND                                                                                                                                 ; 57      ;
; Rule T101: Nodes with more than the specified number of fan-outs ; ALU:ula|lpm_divide:Mod0|lpm_divide_kcm:auto_generated|sign_div_unsign_9nh:divider|alt_u_div_6af:divider|add_sub_31_result_int[32]~64 ; 33      ;
; Rule T101: Nodes with more than the specified number of fan-outs ; mux32B:muxB|output_[1]~_Duplicate_2                                                                                                  ; 140     ;
; Rule T101: Nodes with more than the specified number of fan-outs ; IR:inst|imme[1]                                                                                                                      ; 38      ;
; Rule T101: Nodes with more than the specified number of fan-outs ; ALU:ula|lpm_divide:Mod0|lpm_divide_kcm:auto_generated|sign_div_unsign_9nh:divider|alt_u_div_6af:divider|add_sub_30_result_int[31]~62 ; 31      ;
; Rule T101: Nodes with more than the specified number of fan-outs ; mux32B:muxB|output_[5]~_Duplicate_2                                                                                                  ; 61      ;
; Rule T101: Nodes with more than the specified number of fan-outs ; ALU:ula|lpm_divide:Div0|lpm_divide_hkm:auto_generated|sign_div_unsign_9nh:divider|alt_u_div_6af:divider|selnose[891]~30              ; 60      ;
; Rule T101: Nodes with more than the specified number of fan-outs ; mux32B:muxB|output_[31]~_Duplicate_1                                                                                                 ; 71      ;
; Rule T101: Nodes with more than the specified number of fan-outs ; ALU:ula|lpm_divide:Div0|lpm_divide_hkm:auto_generated|sign_div_unsign_9nh:divider|alt_u_div_6af:divider|selnose[924]~34              ; 59      ;
; Rule T101: Nodes with more than the specified number of fan-outs ; ALU:ula|WideOr1~22                                                                                                                   ; 53      ;
; Rule T101: Nodes with more than the specified number of fan-outs ; mux32B:muxB|output_[2]~_Duplicate_2                                                                                                  ; 130     ;
; Rule T101: Nodes with more than the specified number of fan-outs ; ALU:ula|lpm_divide:Div0|lpm_divide_hkm:auto_generated|sign_div_unsign_9nh:divider|alt_u_div_6af:divider|sel[858]~0                   ; 55      ;
; Rule T101: Nodes with more than the specified number of fan-outs ; mux32B:muxB|output_[3]~_Duplicate_2                                                                                                  ; 110     ;
; Rule T101: Nodes with more than the specified number of fan-outs ; mux32B:muxB|output_[4]~_Duplicate_2                                                                                                  ; 71      ;
; Rule T101: Nodes with more than the specified number of fan-outs ; ALU:ula|lpm_divide:Div0|lpm_divide_hkm:auto_generated|sign_div_unsign_9nh:divider|alt_u_div_6af:divider|selnose[957]~35              ; 61      ;
; Rule T101: Nodes with more than the specified number of fan-outs ; mux32B:muxB|output_[6]~_Duplicate_2                                                                                                  ; 61      ;
; Rule T101: Nodes with more than the specified number of fan-outs ; mux32B:muxB|output_[7]~_Duplicate_2                                                                                                  ; 54      ;
; Rule T101: Nodes with more than the specified number of fan-outs ; ALU:ula|WideOr1~0                                                                                                                    ; 56      ;
; Rule T101: Nodes with more than the specified number of fan-outs ; mux32B:muxB|output_[8]~_Duplicate_2                                                                                                  ; 54      ;
; Rule T101: Nodes with more than the specified number of fan-outs ; ALU:ula|WideOr1~21                                                                                                                   ; 48      ;
; Rule T101: Nodes with more than the specified number of fan-outs ; mux32B:muxB|output_[9]~_Duplicate_2                                                                                                  ; 54      ;
; Rule T101: Nodes with more than the specified number of fan-outs ; ALU:ula|WideOr1~1                                                                                                                    ; 50      ;
; Rule T101: Nodes with more than the specified number of fan-outs ; ALU:ula|WideOr1~20                                                                                                                   ; 46      ;
; Rule T101: Nodes with more than the specified number of fan-outs ; mux32B:muxB|output_[10]~_Duplicate_2                                                                                                 ; 48      ;
; Rule T101: Nodes with more than the specified number of fan-outs ; mux32B:muxB|output_[11]~_Duplicate_2                                                                                                 ; 48      ;
; Rule T101: Nodes with more than the specified number of fan-outs ; mux32B:muxB|output_[13]~_Duplicate_2                                                                                                 ; 42      ;
; Rule T101: Nodes with more than the specified number of fan-outs ; ALU:ula|WideOr1~18                                                                                                                   ; 40      ;
; Rule T101: Nodes with more than the specified number of fan-outs ; ALU:ula|WideOr1~19                                                                                                                   ; 42      ;
; Rule T101: Nodes with more than the specified number of fan-outs ; mux32B:muxB|output_[12]~_Duplicate_2                                                                                                 ; 48      ;
; Rule T101: Nodes with more than the specified number of fan-outs ; ALU:ula|WideOr1~2                                                                                                                    ; 44      ;
; Rule T101: Nodes with more than the specified number of fan-outs ; ALU:ula|WideOr1~17                                                                                                                   ; 36      ;
; Rule T101: Nodes with more than the specified number of fan-outs ; mux32B:muxB|output_[18]~_Duplicate_1                                                                                                 ; 36      ;
; Rule T101: Nodes with more than the specified number of fan-outs ; mux32B:muxB|output_[14]~_Duplicate_2                                                                                                 ; 42      ;
; Rule T101: Nodes with more than the specified number of fan-outs ; mux32B:muxB|output_[15]~_Duplicate_2                                                                                                 ; 42      ;
; Rule T101: Nodes with more than the specified number of fan-outs ; mux32B:muxB|output_[17]~_Duplicate_2                                                                                                 ; 36      ;
; Rule T101: Nodes with more than the specified number of fan-outs ; ALU:ula|WideOr1~3                                                                                                                    ; 38      ;
; Rule T101: Nodes with more than the specified number of fan-outs ; mux32B:muxB|output_[16]~_Duplicate_2                                                                                                 ; 36      ;
; Rule T101: Nodes with more than the specified number of fan-outs ; ALU:ula|WideOr1~16                                                                                                                   ; 34      ;
; Rule T101: Nodes with more than the specified number of fan-outs ; ALU:ula|WideOr1~4                                                                                                                    ; 32      ;
; Rule T101: Nodes with more than the specified number of fan-outs ; ALU:ula|lpm_divide:Div0|lpm_divide_hkm:auto_generated|sign_div_unsign_9nh:divider|alt_u_div_6af:divider|add_sub_29_result_int[30]~60 ; 31      ;
; Rule T101: Nodes with more than the specified number of fan-outs ; ALU:ula|lpm_divide:Div0|lpm_divide_hkm:auto_generated|sign_div_unsign_9nh:divider|alt_u_div_6af:divider|add_sub_30_result_int[31]~62 ; 32      ;
; Rule T102: Top nodes with the highest number of fan-outs         ; clk_div~clkctrl                                                                                                                      ; 177     ;
; Rule T102: Top nodes with the highest number of fan-outs         ; mux32B:muxB|output_[1]~_Duplicate_2                                                                                                  ; 140     ;
; Rule T102: Top nodes with the highest number of fan-outs         ; mux32B:muxB|output_[0]~_Duplicate_2                                                                                                  ; 135     ;
; Rule T102: Top nodes with the highest number of fan-outs         ; mux32B:muxB|output_[2]~_Duplicate_2                                                                                                  ; 130     ;
; Rule T102: Top nodes with the highest number of fan-outs         ; IR:inst|imme[3]                                                                                                                      ; 111     ;
; Rule T102: Top nodes with the highest number of fan-outs         ; mux32B:muxB|output_[3]~_Duplicate_2                                                                                                  ; 110     ;
; Rule T102: Top nodes with the highest number of fan-outs         ; mux32B:muxB|output_[31]~_Duplicate_1                                                                                                 ; 71      ;
; Rule T102: Top nodes with the highest number of fan-outs         ; mux32B:muxB|output_[4]~_Duplicate_2                                                                                                  ; 71      ;
; Rule T102: Top nodes with the highest number of fan-outs         ; mux32B:muxB|output_[5]~_Duplicate_2                                                                                                  ; 61      ;
; Rule T102: Top nodes with the highest number of fan-outs         ; ALU:ula|lpm_divide:Div0|lpm_divide_hkm:auto_generated|sign_div_unsign_9nh:divider|alt_u_div_6af:divider|selnose[957]~35              ; 61      ;
; Rule T102: Top nodes with the highest number of fan-outs         ; mux32B:muxB|output_[6]~_Duplicate_2                                                                                                  ; 61      ;
; Rule T102: Top nodes with the highest number of fan-outs         ; ALU:ula|lpm_divide:Div0|lpm_divide_hkm:auto_generated|sign_div_unsign_9nh:divider|alt_u_div_6af:divider|selnose[891]~30              ; 60      ;
; Rule T102: Top nodes with the highest number of fan-outs         ; controlUnit:control|estado.s2                                                                                                        ; 59      ;
; Rule T102: Top nodes with the highest number of fan-outs         ; ALU:ula|lpm_divide:Div0|lpm_divide_hkm:auto_generated|sign_div_unsign_9nh:divider|alt_u_div_6af:divider|selnose[924]~34              ; 59      ;
; Rule T102: Top nodes with the highest number of fan-outs         ; ~GND                                                                                                                                 ; 57      ;
; Rule T102: Top nodes with the highest number of fan-outs         ; ALU:ula|WideOr1~0                                                                                                                    ; 56      ;
; Rule T102: Top nodes with the highest number of fan-outs         ; ALU:ula|lpm_divide:Div0|lpm_divide_hkm:auto_generated|sign_div_unsign_9nh:divider|alt_u_div_6af:divider|sel[858]~0                   ; 55      ;
; Rule T102: Top nodes with the highest number of fan-outs         ; mux32B:muxB|output_[9]~_Duplicate_2                                                                                                  ; 54      ;
; Rule T102: Top nodes with the highest number of fan-outs         ; mux32B:muxB|output_[8]~_Duplicate_2                                                                                                  ; 54      ;
; Rule T102: Top nodes with the highest number of fan-outs         ; mux32B:muxB|output_[7]~_Duplicate_2                                                                                                  ; 54      ;
; Rule T102: Top nodes with the highest number of fan-outs         ; ALU:ula|WideOr1~22                                                                                                                   ; 53      ;
; Rule T102: Top nodes with the highest number of fan-outs         ; ALU:ula|WideOr1~1                                                                                                                    ; 50      ;
; Rule T102: Top nodes with the highest number of fan-outs         ; mux32B:muxB|output_[12]~_Duplicate_2                                                                                                 ; 48      ;
; Rule T102: Top nodes with the highest number of fan-outs         ; mux32B:muxB|output_[11]~_Duplicate_2                                                                                                 ; 48      ;
; Rule T102: Top nodes with the highest number of fan-outs         ; mux32B:muxB|output_[10]~_Duplicate_2                                                                                                 ; 48      ;
; Rule T102: Top nodes with the highest number of fan-outs         ; ALU:ula|WideOr1~21                                                                                                                   ; 48      ;
; Rule T102: Top nodes with the highest number of fan-outs         ; ALU:ula|WideOr1~20                                                                                                                   ; 46      ;
; Rule T102: Top nodes with the highest number of fan-outs         ; clk~inputclkctrl                                                                                                                     ; 44      ;
; Rule T102: Top nodes with the highest number of fan-outs         ; ALU:ula|WideOr1~2                                                                                                                    ; 44      ;
; Rule T102: Top nodes with the highest number of fan-outs         ; DeBounce:btnReset|DB_out                                                                                                             ; 43      ;
; Rule T102: Top nodes with the highest number of fan-outs         ; mux32B:muxB|output_[14]~_Duplicate_2                                                                                                 ; 42      ;
; Rule T102: Top nodes with the highest number of fan-outs         ; mux32B:muxB|output_[15]~_Duplicate_2                                                                                                 ; 42      ;
; Rule T102: Top nodes with the highest number of fan-outs         ; mux32B:muxB|output_[13]~_Duplicate_2                                                                                                 ; 42      ;
; Rule T102: Top nodes with the highest number of fan-outs         ; ALU:ula|WideOr1~19                                                                                                                   ; 42      ;
; Rule T102: Top nodes with the highest number of fan-outs         ; ALU:ula|WideOr1~18                                                                                                                   ; 40      ;
; Rule T102: Top nodes with the highest number of fan-outs         ; IR:inst|imme[1]                                                                                                                      ; 38      ;
; Rule T102: Top nodes with the highest number of fan-outs         ; ALU:ula|WideOr1~3                                                                                                                    ; 38      ;
; Rule T102: Top nodes with the highest number of fan-outs         ; mux32B:muxB|output_[17]~_Duplicate_2                                                                                                 ; 36      ;
; Rule T102: Top nodes with the highest number of fan-outs         ; ALU:ula|WideOr1~17                                                                                                                   ; 36      ;
; Rule T102: Top nodes with the highest number of fan-outs         ; mux32B:muxB|output_[18]~_Duplicate_1                                                                                                 ; 36      ;
; Rule T102: Top nodes with the highest number of fan-outs         ; mux32B:muxB|output_[16]~_Duplicate_2                                                                                                 ; 36      ;
; Rule T102: Top nodes with the highest number of fan-outs         ; ALU:ula|WideOr1~16                                                                                                                   ; 34      ;
; Rule T102: Top nodes with the highest number of fan-outs         ; ALU:ula|lpm_divide:Mod0|lpm_divide_kcm:auto_generated|sign_div_unsign_9nh:divider|alt_u_div_6af:divider|add_sub_31_result_int[32]~64 ; 33      ;
; Rule T102: Top nodes with the highest number of fan-outs         ; controlUnit:control|estado.s0                                                                                                        ; 33      ;
; Rule T102: Top nodes with the highest number of fan-outs         ; controlUnit:control|estado.s6                                                                                                        ; 33      ;
; Rule T102: Top nodes with the highest number of fan-outs         ; ALU:ula|WideOr1~4                                                                                                                    ; 32      ;
; Rule T102: Top nodes with the highest number of fan-outs         ; PC:programCounter|output_[7]~1                                                                                                       ; 32      ;
; Rule T102: Top nodes with the highest number of fan-outs         ; ALU:ula|lpm_divide:Div0|lpm_divide_hkm:auto_generated|sign_div_unsign_9nh:divider|alt_u_div_6af:divider|add_sub_30_result_int[31]~62 ; 32      ;
; Rule T102: Top nodes with the highest number of fan-outs         ; ALU:ula|lpm_divide:Mod0|lpm_divide_kcm:auto_generated|sign_div_unsign_9nh:divider|alt_u_div_6af:divider|add_sub_30_result_int[31]~62 ; 31      ;
; Rule T102: Top nodes with the highest number of fan-outs         ; IR:inst|imme[0]                                                                                                                      ; 31      ;
+------------------------------------------------------------------+--------------------------------------------------------------------------------------------------------------------------------------+---------+


+---------------------------+
; Design Assistant Messages ;
+---------------------------+
Info: *******************************************************************
Info: Running Quartus Prime Design Assistant
    Info: Version 17.1.0 Build 590 10/25/2017 SJ Standard Edition
    Info: Processing started: Wed Jun 19 17:49:38 2019
Info: Command: quartus_drc CPMath -c CPMath
Warning (18236): Number of processors has not been specified which may cause overloading on shared machines.  Set the global assignment NUM_PARALLEL_PROCESSORS in your QSF to an appropriate value for best performance.
Info (332104): Reading SDC File: 'CPMath.sdc'
Info (332144): No user constrained base clocks found in the design
Info (332143): No user constrained clock uncertainty found in the design. Calling "derive_clock_uncertainty"
Info (332123): Deriving Clock Uncertainty. Please refer to report_sdc in TimeQuest to see clock uncertainties.
Critical Warning (308060): (High) Rule D101: Data bits are not synchronized when transferred between asynchronous clock domains. (Value defined:2). Found 14 asynchronous clock domain interface structure(s) related to this rule.
    Critical Warning (308012): Node  "DeBounce:btnReset|DB_out" File: /home-local/aluno/CPMath/DeBounce.v Line: 29
    Critical Warning (308012): Node  "memory:mem|memOut[29]" File: /home-local/aluno/CPMath/memory.v Line: 22
    Critical Warning (308012): Node  "mux32:muxMem|output_[6]" File: /home-local/aluno/CPMath/mux32.v Line: 7
    Critical Warning (308012): Node  "memory:mem|memOut[0]" File: /home-local/aluno/CPMath/memory.v Line: 22
    Critical Warning (308012): Node  "mux32:muxMem|output_[3]" File: /home-local/aluno/CPMath/mux32.v Line: 7
    Critical Warning (308012): Node  "memory:mem|memOut[1]" File: /home-local/aluno/CPMath/memory.v Line: 22
    Critical Warning (308012): Node  "mux32:muxMem|output_[0]" File: /home-local/aluno/CPMath/mux32.v Line: 7
    Critical Warning (308012): Node  "mux32:muxMem|output_[1]" File: /home-local/aluno/CPMath/mux32.v Line: 7
    Critical Warning (308012): Node  "mux32:muxMem|output_[2]" File: /home-local/aluno/CPMath/mux32.v Line: 7
    Critical Warning (308012): Node  "memory:mem|memOut[2]" File: /home-local/aluno/CPMath/memory.v Line: 22
    Critical Warning (308012): Node  "mux32:muxMem|output_[5]" File: /home-local/aluno/CPMath/mux32.v Line: 7
    Critical Warning (308012): Node  "mux32:muxMem|output_[4]" File: /home-local/aluno/CPMath/mux32.v Line: 7
    Critical Warning (308012): Node  "memory:mem|memOut[13]" File: /home-local/aluno/CPMath/memory.v Line: 22
    Critical Warning (308012): Node  "displayReg:display|output_[0]" File: /home-local/aluno/CPMath/displayReg.v Line: 7
Warning (308040): (Medium) Rule C104: Clock signal source should drive only clock input ports. Found 1 nodes related to this rule.
    Warning (308010): Node  "clk_div" File: /home-local/aluno/CPMath/CPMath.v Line: 8
Warning (308071): (Medium) Rule D102: Multiple data bits that are transferred across asynchronous clock domains are synchronized, but not all bits may be aligned in the receiving clock domain. (Value defined:2). Found 1 asynchronous clock domain interface structure(s) related to this rule.
    Warning (308010): Node  "memory:mem|memOut (Bus)" File: /home-local/aluno/CPMath/memory.v Line: 22
Info (308046): (Information) Rule T101: Nodes with more than the specified number of fan-outs. (Value defined:30). Found 51 node(s) with highest fan-out.
    Info (308011): Node  "IR:inst|imme[3]" File: /home-local/aluno/CPMath/IR.v Line: 9
    Info (308011): Node  "controlUnit:control|estado.s0" File: /home-local/aluno/CPMath/controlUnit.v Line: 6
    Info (308011): Node  "DeBounce:btnReset|DB_out" File: /home-local/aluno/CPMath/DeBounce.v Line: 29
    Info (308011): Node  "clk~inputclkctrl" File: /home-local/aluno/CPMath/CPMath.v Line: 3
    Info (308011): Node  "controlUnit:control|estado.s6" File: /home-local/aluno/CPMath/controlUnit.v Line: 6
    Info (308011): Node  "clk_div~clkctrl" File: /home-local/aluno/CPMath/CPMath.v Line: 8
    Info (308011): Node  "controlUnit:control|estado.s2" File: /home-local/aluno/CPMath/controlUnit.v Line: 6
    Info (308011): Node  "PC:programCounter|output_[7]~1" File: /home-local/aluno/CPMath/PC.v Line: 7
    Info (308011): Node  "mux32B:muxB|output_[0]~_Duplicate_2" File: /home-local/aluno/CPMath/mux32B.v Line: 9
    Info (308011): Node  "IR:inst|imme[0]" File: /home-local/aluno/CPMath/IR.v Line: 9
    Info (308011): Node  "~GND"
    Info (308011): Node  "ALU:ula|lpm_divide:Mod0|lpm_divide_kcm:auto_generated|sign_div_unsign_9nh:divider|alt_u_div_6af:divider|add_sub_31_result_int[32]~64" File: /home-local/aluno/CPMath/db/alt_u_div_6af.tdf Line: 151
    Info (308011): Node  "mux32B:muxB|output_[1]~_Duplicate_2" File: /home-local/aluno/CPMath/mux32B.v Line: 9
    Info (308011): Node  "IR:inst|imme[1]" File: /home-local/aluno/CPMath/IR.v Line: 9
    Info (308011): Node  "ALU:ula|lpm_divide:Mod0|lpm_divide_kcm:auto_generated|sign_div_unsign_9nh:divider|alt_u_div_6af:divider|add_sub_30_result_int[31]~62" File: /home-local/aluno/CPMath/db/alt_u_div_6af.tdf Line: 146
    Info (308011): Node  "mux32B:muxB|output_[5]~_Duplicate_2" File: /home-local/aluno/CPMath/mux32B.v Line: 9
    Info (308011): Node  "ALU:ula|lpm_divide:Div0|lpm_divide_hkm:auto_generated|sign_div_unsign_9nh:divider|alt_u_div_6af:divider|selnose[891]~30" File: /home-local/aluno/CPMath/db/alt_u_div_6af.tdf Line: 195
    Info (308011): Node  "mux32B:muxB|output_[31]~_Duplicate_1" File: /home-local/aluno/CPMath/mux32B.v Line: 9
    Info (308011): Node  "ALU:ula|lpm_divide:Div0|lpm_divide_hkm:auto_generated|sign_div_unsign_9nh:divider|alt_u_div_6af:divider|selnose[924]~34" File: /home-local/aluno/CPMath/db/alt_u_div_6af.tdf Line: 195
    Info (308011): Node  "ALU:ula|WideOr1~22" File: /home-local/aluno/CPMath/ALU.v Line: 17
    Info (308011): Node  "mux32B:muxB|output_[2]~_Duplicate_2" File: /home-local/aluno/CPMath/mux32B.v Line: 9
    Info (308011): Node  "ALU:ula|lpm_divide:Div0|lpm_divide_hkm:auto_generated|sign_div_unsign_9nh:divider|alt_u_div_6af:divider|sel[858]~0" File: /home-local/aluno/CPMath/db/alt_u_div_6af.tdf Line: 194
    Info (308011): Node  "mux32B:muxB|output_[3]~_Duplicate_2" File: /home-local/aluno/CPMath/mux32B.v Line: 9
    Info (308011): Node  "mux32B:muxB|output_[4]~_Duplicate_2" File: /home-local/aluno/CPMath/mux32B.v Line: 9
    Info (308011): Node  "ALU:ula|lpm_divide:Div0|lpm_divide_hkm:auto_generated|sign_div_unsign_9nh:divider|alt_u_div_6af:divider|selnose[957]~35" File: /home-local/aluno/CPMath/db/alt_u_div_6af.tdf Line: 195
    Info (308011): Node  "mux32B:muxB|output_[6]~_Duplicate_2" File: /home-local/aluno/CPMath/mux32B.v Line: 9
    Info (308011): Node  "mux32B:muxB|output_[7]~_Duplicate_2" File: /home-local/aluno/CPMath/mux32B.v Line: 9
    Info (308011): Node  "ALU:ula|WideOr1~0" File: /home-local/aluno/CPMath/ALU.v Line: 17
    Info (308011): Node  "mux32B:muxB|output_[8]~_Duplicate_2" File: /home-local/aluno/CPMath/mux32B.v Line: 9
    Info (308011): Node  "ALU:ula|WideOr1~21" File: /home-local/aluno/CPMath/ALU.v Line: 17
    Info (308002): Truncated list of Design Assistant messages to 30 messages. Go to sections under Design Assistant section of Compilation Report for complete lists of Design Assistant messages generated.
Info (308044): (Information) Rule T102: Top nodes with the highest number of fan-outs. (Value defined:50). Found 50 node(s) with highest fan-out.
    Info (308011): Node  "clk_div~clkctrl" File: /home-local/aluno/CPMath/CPMath.v Line: 8
    Info (308011): Node  "mux32B:muxB|output_[1]~_Duplicate_2" File: /home-local/aluno/CPMath/mux32B.v Line: 9
    Info (308011): Node  "mux32B:muxB|output_[0]~_Duplicate_2" File: /home-local/aluno/CPMath/mux32B.v Line: 9
    Info (308011): Node  "mux32B:muxB|output_[2]~_Duplicate_2" File: /home-local/aluno/CPMath/mux32B.v Line: 9
    Info (308011): Node  "IR:inst|imme[3]" File: /home-local/aluno/CPMath/IR.v Line: 9
    Info (308011): Node  "mux32B:muxB|output_[3]~_Duplicate_2" File: /home-local/aluno/CPMath/mux32B.v Line: 9
    Info (308011): Node  "mux32B:muxB|output_[31]~_Duplicate_1" File: /home-local/aluno/CPMath/mux32B.v Line: 9
    Info (308011): Node  "mux32B:muxB|output_[4]~_Duplicate_2" File: /home-local/aluno/CPMath/mux32B.v Line: 9
    Info (308011): Node  "mux32B:muxB|output_[5]~_Duplicate_2" File: /home-local/aluno/CPMath/mux32B.v Line: 9
    Info (308011): Node  "ALU:ula|lpm_divide:Div0|lpm_divide_hkm:auto_generated|sign_div_unsign_9nh:divider|alt_u_div_6af:divider|selnose[957]~35" File: /home-local/aluno/CPMath/db/alt_u_div_6af.tdf Line: 195
    Info (308011): Node  "mux32B:muxB|output_[6]~_Duplicate_2" File: /home-local/aluno/CPMath/mux32B.v Line: 9
    Info (308011): Node  "ALU:ula|lpm_divide:Div0|lpm_divide_hkm:auto_generated|sign_div_unsign_9nh:divider|alt_u_div_6af:divider|selnose[891]~30" File: /home-local/aluno/CPMath/db/alt_u_div_6af.tdf Line: 195
    Info (308011): Node  "controlUnit:control|estado.s2" File: /home-local/aluno/CPMath/controlUnit.v Line: 6
    Info (308011): Node  "ALU:ula|lpm_divide:Div0|lpm_divide_hkm:auto_generated|sign_div_unsign_9nh:divider|alt_u_div_6af:divider|selnose[924]~34" File: /home-local/aluno/CPMath/db/alt_u_div_6af.tdf Line: 195
    Info (308011): Node  "~GND"
    Info (308011): Node  "ALU:ula|WideOr1~0" File: /home-local/aluno/CPMath/ALU.v Line: 17
    Info (308011): Node  "ALU:ula|lpm_divide:Div0|lpm_divide_hkm:auto_generated|sign_div_unsign_9nh:divider|alt_u_div_6af:divider|sel[858]~0" File: /home-local/aluno/CPMath/db/alt_u_div_6af.tdf Line: 194
    Info (308011): Node  "mux32B:muxB|output_[9]~_Duplicate_2" File: /home-local/aluno/CPMath/mux32B.v Line: 9
    Info (308011): Node  "mux32B:muxB|output_[8]~_Duplicate_2" File: /home-local/aluno/CPMath/mux32B.v Line: 9
    Info (308011): Node  "mux32B:muxB|output_[7]~_Duplicate_2" File: /home-local/aluno/CPMath/mux32B.v Line: 9
    Info (308011): Node  "ALU:ula|WideOr1~22" File: /home-local/aluno/CPMath/ALU.v Line: 17
    Info (308011): Node  "ALU:ula|WideOr1~1" File: /home-local/aluno/CPMath/ALU.v Line: 17
    Info (308011): Node  "mux32B:muxB|output_[12]~_Duplicate_2" File: /home-local/aluno/CPMath/mux32B.v Line: 9
    Info (308011): Node  "mux32B:muxB|output_[11]~_Duplicate_2" File: /home-local/aluno/CPMath/mux32B.v Line: 9
    Info (308011): Node  "mux32B:muxB|output_[10]~_Duplicate_2" File: /home-local/aluno/CPMath/mux32B.v Line: 9
    Info (308011): Node  "ALU:ula|WideOr1~21" File: /home-local/aluno/CPMath/ALU.v Line: 17
    Info (308011): Node  "ALU:ula|WideOr1~20" File: /home-local/aluno/CPMath/ALU.v Line: 17
    Info (308011): Node  "clk~inputclkctrl" File: /home-local/aluno/CPMath/CPMath.v Line: 3
    Info (308011): Node  "ALU:ula|WideOr1~2" File: /home-local/aluno/CPMath/ALU.v Line: 17
    Info (308011): Node  "DeBounce:btnReset|DB_out" File: /home-local/aluno/CPMath/DeBounce.v Line: 29
    Info (308002): Truncated list of Design Assistant messages to 30 messages. Go to sections under Design Assistant section of Compilation Report for complete lists of Design Assistant messages generated.
Info (308007): Design Assistant information: finished post-fitting analysis of current design -- generated 101 information messages and 16 warning messages
Info: Quartus Prime Design Assistant was successful. 0 errors, 20 warnings
    Info: Peak virtual memory: 981 megabytes
    Info: Processing ended: Wed Jun 19 17:49:39 2019
    Info: Elapsed time: 00:00:01
    Info: Total CPU time (on all processors): 00:00:01


