Analysis & Synthesis report for CPMath
Tue Jun 11 22:02:43 2019
Quartus Prime Version 17.1.0 Build 590 10/25/2017 SJ Standard Edition


---------------------
; Table of Contents ;
---------------------
  1. Legal Notice
  2. Analysis & Synthesis Summary
  3. Analysis & Synthesis Settings
  4. Parallel Compilation
  5. Analysis & Synthesis Source Files Read
  6. Analysis & Synthesis Resource Usage Summary
  7. Analysis & Synthesis Resource Utilization by Entity
  8. State Machine - |CPMath|controlUnit:control|estado
  9. Registers Removed During Synthesis
 10. Removed Registers Triggering Further Register Optimizations
 11. General Register Statistics
 12. Parameter Settings for User Entity Instance: controlUnit:control
 13. Parameter Settings for User Entity Instance: DeBounce:btnReset
 14. Parameter Settings for User Entity Instance: DeBounce:btnEnter
 15. Port Connectivity Checks: "entrada:Buffer"
 16. Port Connectivity Checks: "controlULA:control1"
 17. Port Connectivity Checks: "controlUnit:control"
 18. Port Connectivity Checks: "mux5:muxReg"
 19. Port Connectivity Checks: "mux32B:muxData"
 20. Port Connectivity Checks: "SL2:sl2"
 21. Port Connectivity Checks: "SL2:sl1"
 22. Port Connectivity Checks: "mux32B:muxPC"
 23. Port Connectivity Checks: "ALU:ula"
 24. Port Connectivity Checks: "mux32B:muxB"
 25. Port Connectivity Checks: "registers:banco"
 26. Port Connectivity Checks: "IR:inst"
 27. Port Connectivity Checks: "PC:programCounter"
 28. Post-Synthesis Netlist Statistics for Top Partition
 29. Elapsed Time Per Partition
 30. Analysis & Synthesis Messages



----------------
; Legal Notice ;
----------------
Copyright (C) 2017  Intel Corporation. All rights reserved.
Your use of Intel Corporation's design tools, logic functions 
and other software and tools, and its AMPP partner logic 
functions, and any output files from any of the foregoing 
(including device programming or simulation files), and any 
associated documentation or information are expressly subject 
to the terms and conditions of the Intel Program License 
Subscription Agreement, the Intel Quartus Prime License Agreement,
the Intel FPGA IP License Agreement, or other applicable license
agreement, including, without limitation, that your use is for
the sole purpose of programming logic devices manufactured by
Intel and sold by Intel or its authorized distributors.  Please
refer to the applicable agreement for further details.



+--------------------------------------------------------------------------------------+
; Analysis & Synthesis Summary                                                         ;
+------------------------------------+-------------------------------------------------+
; Analysis & Synthesis Status        ; Successful - Tue Jun 11 22:02:43 2019           ;
; Quartus Prime Version              ; 17.1.0 Build 590 10/25/2017 SJ Standard Edition ;
; Revision Name                      ; CPMath                                          ;
; Top-level Entity Name              ; CPMath                                          ;
; Family                             ; Cyclone IV E                                    ;
; Total logic elements               ; 0                                               ;
;     Total combinational functions  ; 0                                               ;
;     Dedicated logic registers      ; 0                                               ;
; Total registers                    ; 0                                               ;
; Total pins                         ; 40                                              ;
; Total virtual pins                 ; 0                                               ;
; Total memory bits                  ; 0                                               ;
; Embedded Multiplier 9-bit elements ; 0                                               ;
; Total PLLs                         ; 0                                               ;
+------------------------------------+-------------------------------------------------+


+----------------------------------------------------------------------------------------------------------------------+
; Analysis & Synthesis Settings                                                                                        ;
+----------------------------------------------------------------------------+--------------------+--------------------+
; Option                                                                     ; Setting            ; Default Value      ;
+----------------------------------------------------------------------------+--------------------+--------------------+
; Top-level entity name                                                      ; CPMath             ; CPMath             ;
; Family name                                                                ; Cyclone IV E       ; Cyclone V          ;
; Use smart compilation                                                      ; Off                ; Off                ;
; Enable parallel Assembler and TimeQuest Timing Analyzer during compilation ; On                 ; On                 ;
; Enable compact report table                                                ; Off                ; Off                ;
; Restructure Multiplexers                                                   ; Auto               ; Auto               ;
; Create Debugging Nodes for IP Cores                                        ; Off                ; Off                ;
; Preserve fewer node names                                                  ; On                 ; On                 ;
; Intel FPGA IP Evaluation Mode                                              ; Enable             ; Enable             ;
; Verilog Version                                                            ; Verilog_2001       ; Verilog_2001       ;
; VHDL Version                                                               ; VHDL_1993          ; VHDL_1993          ;
; State Machine Processing                                                   ; Auto               ; Auto               ;
; Safe State Machine                                                         ; Off                ; Off                ;
; Extract Verilog State Machines                                             ; On                 ; On                 ;
; Extract VHDL State Machines                                                ; On                 ; On                 ;
; Ignore Verilog initial constructs                                          ; Off                ; Off                ;
; Iteration limit for constant Verilog loops                                 ; 5000               ; 5000               ;
; Iteration limit for non-constant Verilog loops                             ; 250                ; 250                ;
; Add Pass-Through Logic to Inferred RAMs                                    ; On                 ; On                 ;
; Infer RAMs from Raw Logic                                                  ; On                 ; On                 ;
; Parallel Synthesis                                                         ; On                 ; On                 ;
; DSP Block Balancing                                                        ; Auto               ; Auto               ;
; NOT Gate Push-Back                                                         ; On                 ; On                 ;
; Power-Up Don't Care                                                        ; On                 ; On                 ;
; Remove Redundant Logic Cells                                               ; Off                ; Off                ;
; Remove Duplicate Registers                                                 ; On                 ; On                 ;
; Ignore CARRY Buffers                                                       ; Off                ; Off                ;
; Ignore CASCADE Buffers                                                     ; Off                ; Off                ;
; Ignore GLOBAL Buffers                                                      ; Off                ; Off                ;
; Ignore ROW GLOBAL Buffers                                                  ; Off                ; Off                ;
; Ignore LCELL Buffers                                                       ; Off                ; Off                ;
; Ignore SOFT Buffers                                                        ; On                 ; On                 ;
; Limit AHDL Integers to 32 Bits                                             ; Off                ; Off                ;
; Optimization Technique                                                     ; Balanced           ; Balanced           ;
; Carry Chain Length                                                         ; 70                 ; 70                 ;
; Auto Carry Chains                                                          ; On                 ; On                 ;
; Auto Open-Drain Pins                                                       ; On                 ; On                 ;
; Perform WYSIWYG Primitive Resynthesis                                      ; Off                ; Off                ;
; Auto ROM Replacement                                                       ; On                 ; On                 ;
; Auto RAM Replacement                                                       ; On                 ; On                 ;
; Auto DSP Block Replacement                                                 ; On                 ; On                 ;
; Auto Shift Register Replacement                                            ; Auto               ; Auto               ;
; Allow Shift Register Merging across Hierarchies                            ; Auto               ; Auto               ;
; Auto Clock Enable Replacement                                              ; On                 ; On                 ;
; Strict RAM Replacement                                                     ; Off                ; Off                ;
; Allow Synchronous Control Signals                                          ; On                 ; On                 ;
; Force Use of Synchronous Clear Signals                                     ; Off                ; Off                ;
; Auto RAM Block Balancing                                                   ; On                 ; On                 ;
; Auto RAM to Logic Cell Conversion                                          ; Off                ; Off                ;
; Auto Resource Sharing                                                      ; Off                ; Off                ;
; Allow Any RAM Size For Recognition                                         ; Off                ; Off                ;
; Allow Any ROM Size For Recognition                                         ; Off                ; Off                ;
; Allow Any Shift Register Size For Recognition                              ; Off                ; Off                ;
; Use LogicLock Constraints during Resource Balancing                        ; On                 ; On                 ;
; Ignore translate_off and synthesis_off directives                          ; Off                ; Off                ;
; Timing-Driven Synthesis                                                    ; On                 ; On                 ;
; Report Parameter Settings                                                  ; On                 ; On                 ;
; Report Source Assignments                                                  ; On                 ; On                 ;
; Report Connectivity Checks                                                 ; On                 ; On                 ;
; Ignore Maximum Fan-Out Assignments                                         ; Off                ; Off                ;
; Synchronization Register Chain Length                                      ; 2                  ; 2                  ;
; Power Optimization During Synthesis                                        ; Normal compilation ; Normal compilation ;
; HDL message level                                                          ; Level2             ; Level2             ;
; Suppress Register Optimization Related Messages                            ; Off                ; Off                ;
; Number of Removed Registers Reported in Synthesis Report                   ; 5000               ; 5000               ;
; Number of Swept Nodes Reported in Synthesis Report                         ; 5000               ; 5000               ;
; Number of Inverted Registers Reported in Synthesis Report                  ; 100                ; 100                ;
; Clock MUX Protection                                                       ; On                 ; On                 ;
; Auto Gated Clock Conversion                                                ; Off                ; Off                ;
; Block Design Naming                                                        ; Auto               ; Auto               ;
; SDC constraint protection                                                  ; Off                ; Off                ;
; Synthesis Effort                                                           ; Auto               ; Auto               ;
; Shift Register Replacement - Allow Asynchronous Clear Signal               ; On                 ; On                 ;
; Pre-Mapping Resynthesis Optimization                                       ; Off                ; Off                ;
; Analysis & Synthesis Message Level                                         ; Medium             ; Medium             ;
; Disable Register Merging Across Hierarchies                                ; Auto               ; Auto               ;
; Resource Aware Inference For Block RAM                                     ; On                 ; On                 ;
+----------------------------------------------------------------------------+--------------------+--------------------+


+------------------------------------------+
; Parallel Compilation                     ;
+----------------------------+-------------+
; Processors                 ; Number      ;
+----------------------------+-------------+
; Number detected on machine ; 4           ;
; Maximum allowed            ; 4           ;
;                            ;             ;
; Average used               ; 1.00        ;
; Maximum used               ; 1           ;
;                            ;             ;
; Usage by Processor         ; % Time Used ;
;     Processor 1            ; 100.0%      ;
+----------------------------+-------------+


+--------------------------------------------------------------------------------------------------------------------------------+
; Analysis & Synthesis Source Files Read                                                                                         ;
+----------------------------------+-----------------+------------------------+----------------------------------------+---------+
; File Name with User-Entered Path ; Used in Netlist ; File Type              ; File Name with Absolute Path           ; Library ;
+----------------------------------+-----------------+------------------------+----------------------------------------+---------+
; SL2.v                            ; yes             ; User Verilog HDL File  ; /home-local/aluno/CPMath/SL2.v         ;         ;
; signExtend.v                     ; yes             ; User Verilog HDL File  ; /home-local/aluno/CPMath/signExtend.v  ;         ;
; registers.v                      ; yes             ; User Verilog HDL File  ; /home-local/aluno/CPMath/registers.v   ;         ;
; PC.v                             ; yes             ; User Verilog HDL File  ; /home-local/aluno/CPMath/PC.v          ;         ;
; mux32B.v                         ; yes             ; User Verilog HDL File  ; /home-local/aluno/CPMath/mux32B.v      ;         ;
; mux32.v                          ; yes             ; User Verilog HDL File  ; /home-local/aluno/CPMath/mux32.v       ;         ;
; mux5.v                           ; yes             ; User Verilog HDL File  ; /home-local/aluno/CPMath/mux5.v        ;         ;
; memory.v                         ; yes             ; User Verilog HDL File  ; /home-local/aluno/CPMath/memory.v      ;         ;
; IR.v                             ; yes             ; User Verilog HDL File  ; /home-local/aluno/CPMath/IR.v          ;         ;
; GPR.v                            ; yes             ; User Verilog HDL File  ; /home-local/aluno/CPMath/GPR.v         ;         ;
; Entrada.v                        ; yes             ; User Verilog HDL File  ; /home-local/aluno/CPMath/Entrada.v     ;         ;
; controlUnit.v                    ; yes             ; User Verilog HDL File  ; /home-local/aluno/CPMath/controlUnit.v ;         ;
; ALU.v                            ; yes             ; User Verilog HDL File  ; /home-local/aluno/CPMath/ALU.v         ;         ;
; controlULA.v                     ; yes             ; User Verilog HDL File  ; /home-local/aluno/CPMath/controlULA.v  ;         ;
; CPMath.v                         ; yes             ; User Verilog HDL File  ; /home-local/aluno/CPMath/CPMath.v      ;         ;
; divisorClk.v                     ; yes             ; User Verilog HDL File  ; /home-local/aluno/CPMath/divisorClk.v  ;         ;
; DeBounce.v                       ; yes             ; User Verilog HDL File  ; /home-local/aluno/CPMath/DeBounce.v    ;         ;
+----------------------------------+-----------------+------------------------+----------------------------------------+---------+


+---------------------------------------------------------+
; Analysis & Synthesis Resource Usage Summary             ;
+---------------------------------------------+-----------+
; Resource                                    ; Usage     ;
+---------------------------------------------+-----------+
;                                             ;           ;
; Total combinational functions               ; 0         ;
; Logic element usage by number of LUT inputs ;           ;
;     -- 4 input functions                    ; 0         ;
;     -- 3 input functions                    ; 0         ;
;     -- <=2 input functions                  ; 0         ;
;                                             ;           ;
; Logic elements by mode                      ;           ;
;     -- normal mode                          ; 0         ;
;     -- arithmetic mode                      ; 0         ;
;                                             ;           ;
; Total registers                             ; 0         ;
;     -- Dedicated logic registers            ; 0         ;
;     -- I/O registers                        ; 0         ;
;                                             ;           ;
; I/O pins                                    ; 40        ;
;                                             ;           ;
; Embedded Multiplier 9-bit elements          ; 0         ;
;                                             ;           ;
; Maximum fan-out node                        ; btn_reset ;
; Maximum fan-out                             ; 1         ;
; Total fan-out                               ; 40        ;
; Average fan-out                             ; 0.50      ;
+---------------------------------------------+-----------+


+----------------------------------------------------------------------------------------------------------------------------------------------------------------------------------------------------------+
; Analysis & Synthesis Resource Utilization by Entity                                                                                                                                                      ;
+----------------------------+---------------------+---------------------------+-------------+--------------+---------+-----------+------+--------------+---------------------+-------------+--------------+
; Compilation Hierarchy Node ; Combinational ALUTs ; Dedicated Logic Registers ; Memory Bits ; DSP Elements ; DSP 9x9 ; DSP 18x18 ; Pins ; Virtual Pins ; Full Hierarchy Name ; Entity Name ; Library Name ;
+----------------------------+---------------------+---------------------------+-------------+--------------+---------+-----------+------+--------------+---------------------+-------------+--------------+
; |CPMath                    ; 0 (0)               ; 0 (0)                     ; 0           ; 0            ; 0       ; 0         ; 40   ; 0            ; |CPMath             ; CPMath      ; work         ;
+----------------------------+---------------------+---------------------------+-------------+--------------+---------+-----------+------+--------------+---------------------+-------------+--------------+
Note: For table entries with two numbers listed, the numbers in parentheses indicate the number of resources of the given type used by the specific entity alone. The numbers listed outside of parentheses indicate the total resources of the given type used by the specific entity and all of its sub-entities in the hierarchy.


Encoding Type:  One-Hot
+--------------------------------------------------------------------------------------------------------------------------------------------------------------+
; State Machine - |CPMath|controlUnit:control|estado                                                                                                           ;
+------------+------------+------------+-----------+-----------+-----------+-----------+-----------+-----------+-----------+-----------+-----------+-----------+
; Name       ; estado.s11 ; estado.s10 ; estado.s9 ; estado.s8 ; estado.s7 ; estado.s6 ; estado.s5 ; estado.s4 ; estado.s3 ; estado.s2 ; estado.s1 ; estado.s0 ;
+------------+------------+------------+-----------+-----------+-----------+-----------+-----------+-----------+-----------+-----------+-----------+-----------+
; estado.s0  ; 0          ; 0          ; 0         ; 0         ; 0         ; 0         ; 0         ; 0         ; 0         ; 0         ; 0         ; 0         ;
; estado.s1  ; 0          ; 0          ; 0         ; 0         ; 0         ; 0         ; 0         ; 0         ; 0         ; 0         ; 1         ; 1         ;
; estado.s2  ; 0          ; 0          ; 0         ; 0         ; 0         ; 0         ; 0         ; 0         ; 0         ; 1         ; 0         ; 1         ;
; estado.s3  ; 0          ; 0          ; 0         ; 0         ; 0         ; 0         ; 0         ; 0         ; 1         ; 0         ; 0         ; 1         ;
; estado.s4  ; 0          ; 0          ; 0         ; 0         ; 0         ; 0         ; 0         ; 1         ; 0         ; 0         ; 0         ; 1         ;
; estado.s5  ; 0          ; 0          ; 0         ; 0         ; 0         ; 0         ; 1         ; 0         ; 0         ; 0         ; 0         ; 1         ;
; estado.s6  ; 0          ; 0          ; 0         ; 0         ; 0         ; 1         ; 0         ; 0         ; 0         ; 0         ; 0         ; 1         ;
; estado.s7  ; 0          ; 0          ; 0         ; 0         ; 1         ; 0         ; 0         ; 0         ; 0         ; 0         ; 0         ; 1         ;
; estado.s8  ; 0          ; 0          ; 0         ; 1         ; 0         ; 0         ; 0         ; 0         ; 0         ; 0         ; 0         ; 1         ;
; estado.s9  ; 0          ; 0          ; 1         ; 0         ; 0         ; 0         ; 0         ; 0         ; 0         ; 0         ; 0         ; 1         ;
; estado.s10 ; 0          ; 1          ; 0         ; 0         ; 0         ; 0         ; 0         ; 0         ; 0         ; 0         ; 0         ; 1         ;
; estado.s11 ; 1          ; 0          ; 0         ; 0         ; 0         ; 0         ; 0         ; 0         ; 0         ; 0         ; 0         ; 1         ;
+------------+------------+------------+-----------+-----------+-----------+-----------+-----------+-----------+-----------+-----------+-----------+-----------+


+----------------------------------------------------------------------------------+
; Registers Removed During Synthesis                                               ;
+-----------------------------------------+----------------------------------------+
; Register name                           ; Reason for Removal                     ;
+-----------------------------------------+----------------------------------------+
; entrada:Buffer|output_[0..5]            ; Stuck at GND due to stuck port clock   ;
; IR:inst|opcode[2]                       ; Lost fanout                            ;
; memory:mem|memOut[28]                   ; Lost fanout                            ;
; IR:inst|opcode[1]                       ; Lost fanout                            ;
; memory:mem|memOut[27]                   ; Lost fanout                            ;
; IR:inst|imme[8]                         ; Stuck at GND due to stuck port clock   ;
; memory:mem|memOut[8]                    ; Lost fanout                            ;
; IR:inst|imme[7]                         ; Stuck at GND due to stuck port clock   ;
; memory:mem|memOut[7]                    ; Lost fanout                            ;
; IR:inst|imme[6]                         ; Stuck at GND due to stuck port clock   ;
; memory:mem|memOut[6]                    ; Lost fanout                            ;
; IR:inst|imme[0..5,9]                    ; Stuck at GND due to stuck port clock   ;
; memory:mem|memOut[9]                    ; Lost fanout                            ;
; IR:inst|imme[10]                        ; Stuck at GND due to stuck port clock   ;
; memory:mem|memOut[10]                   ; Lost fanout                            ;
; IR:inst|imme[11]                        ; Stuck at GND due to stuck port clock   ;
; memory:mem|memOut[11]                   ; Lost fanout                            ;
; IR:inst|imme[12]                        ; Stuck at GND due to stuck port clock   ;
; memory:mem|memOut[12]                   ; Lost fanout                            ;
; IR:inst|imme[13]                        ; Stuck at GND due to stuck port clock   ;
; memory:mem|memOut[13]                   ; Lost fanout                            ;
; IR:inst|imme[14]                        ; Stuck at GND due to stuck port clock   ;
; memory:mem|memOut[14]                   ; Lost fanout                            ;
; IR:inst|imme[15]                        ; Stuck at GND due to stuck port clock   ;
; memory:mem|memOut[15]                   ; Lost fanout                            ;
; IR:inst|rt[0]                           ; Stuck at GND due to stuck port clock   ;
; memory:mem|memOut[16]                   ; Lost fanout                            ;
; IR:inst|rt[1]                           ; Stuck at GND due to stuck port clock   ;
; memory:mem|memOut[17]                   ; Lost fanout                            ;
; IR:inst|rt[2]                           ; Stuck at GND due to stuck port clock   ;
; memory:mem|memOut[18]                   ; Lost fanout                            ;
; IR:inst|rt[3]                           ; Stuck at GND due to stuck port clock   ;
; memory:mem|memOut[19]                   ; Lost fanout                            ;
; IR:inst|rt[4]                           ; Stuck at GND due to stuck port clock   ;
; memory:mem|memOut[20]                   ; Lost fanout                            ;
; IR:inst|rs[0]                           ; Stuck at GND due to stuck port clock   ;
; memory:mem|memOut[21]                   ; Lost fanout                            ;
; IR:inst|rs[1]                           ; Stuck at GND due to stuck port clock   ;
; memory:mem|memOut[22]                   ; Lost fanout                            ;
; IR:inst|rs[2]                           ; Stuck at GND due to stuck port clock   ;
; memory:mem|memOut[23]                   ; Lost fanout                            ;
; IR:inst|rs[3]                           ; Stuck at GND due to stuck port clock   ;
; memory:mem|memOut[24]                   ; Lost fanout                            ;
; IR:inst|rs[4]                           ; Stuck at GND due to stuck port clock   ;
; memory:mem|memOut[25]                   ; Lost fanout                            ;
; IR:inst|opcode[0]                       ; Stuck at GND due to stuck port clock   ;
; memory:mem|memOut[26]                   ; Lost fanout                            ;
; IR:inst|opcode[3]                       ; Stuck at GND due to stuck port clock   ;
; memory:mem|memOut[29]                   ; Lost fanout                            ;
; IR:inst|opcode[4]                       ; Stuck at GND due to stuck port clock   ;
; memory:mem|memOut[30]                   ; Lost fanout                            ;
; PC:programCounter|output_[0..31]        ; Stuck at GND due to stuck port clock   ;
; memory:mem|memOut[0..5]                 ; Stuck at GND due to stuck port data_in ;
; DeBounce:btnReset|DFF2                  ; Stuck at GND due to stuck port data_in ;
; DeBounce:btnReset|DB_out                ; Stuck at GND due to stuck port data_in ;
; DeBounce:btnReset|q_reg[0]              ; Stuck at GND due to stuck port data_in ;
; DeBounce:btnReset|DFF1                  ; Stuck at GND due to stuck port data_in ;
; DeBounce:btnReset|q_reg[1..10]          ; Stuck at GND due to stuck port data_in ;
; controlUnit:control|estado.s2           ; Lost fanout                            ;
; controlUnit:control|estado.s3           ; Lost fanout                            ;
; controlUnit:control|estado.s10          ; Lost fanout                            ;
; controlUnit:control|estado~6            ; Lost fanout                            ;
; controlUnit:control|estado~7            ; Lost fanout                            ;
; controlUnit:control|estado~8            ; Lost fanout                            ;
; controlUnit:control|estado~9            ; Lost fanout                            ;
; controlUnit:control|estado.s4           ; Stuck at GND due to stuck port data_in ;
; controlUnit:control|estado.s5           ; Stuck at GND due to stuck port data_in ;
; controlUnit:control|estado.s8           ; Stuck at GND due to stuck port data_in ;
; controlUnit:control|estado.s9           ; Stuck at GND due to stuck port data_in ;
; controlUnit:control|estado.s11          ; Stuck at GND due to stuck port data_in ;
; divisorClk:divClk1|clk                  ; Lost fanout                            ;
; divisorClk:divClk1|cont[0..17]          ; Lost fanout                            ;
; controlUnit:control|estado.s0           ; Lost fanout                            ;
; controlUnit:control|estado.s1           ; Lost fanout                            ;
; controlUnit:control|estado.s6           ; Lost fanout                            ;
; controlUnit:control|estado.s7           ; Lost fanout                            ;
; Total Number of Removed Registers = 149 ;                                        ;
+-----------------------------------------+----------------------------------------+


+--------------------------------------------------------------------------------------------------------------------------------------------------+
; Removed Registers Triggering Further Register Optimizations                                                                                      ;
+-------------------------------+---------------------------+--------------------------------------------------------------------------------------+
; Register name                 ; Reason for Removal        ; Registers Removed due to This Register                                               ;
+-------------------------------+---------------------------+--------------------------------------------------------------------------------------+
; IR:inst|imme[5]               ; Stuck at GND              ; PC:programCounter|output_[11], PC:programCounter|output_[12],                        ;
;                               ; due to stuck port clock   ; PC:programCounter|output_[13], PC:programCounter|output_[14],                        ;
;                               ;                           ; PC:programCounter|output_[15], PC:programCounter|output_[16],                        ;
;                               ;                           ; PC:programCounter|output_[17], PC:programCounter|output_[18],                        ;
;                               ;                           ; PC:programCounter|output_[19], PC:programCounter|output_[20],                        ;
;                               ;                           ; PC:programCounter|output_[21], PC:programCounter|output_[22],                        ;
;                               ;                           ; PC:programCounter|output_[23]                                                        ;
; DeBounce:btnReset|DFF2        ; Stuck at GND              ; DeBounce:btnReset|q_reg[10], DeBounce:btnReset|q_reg[9], DeBounce:btnReset|q_reg[8], ;
;                               ; due to stuck port data_in ; DeBounce:btnReset|q_reg[7], DeBounce:btnReset|q_reg[6], DeBounce:btnReset|q_reg[5],  ;
;                               ;                           ; DeBounce:btnReset|q_reg[4], DeBounce:btnReset|q_reg[3], DeBounce:btnReset|q_reg[2]   ;
; IR:inst|imme[8]               ; Stuck at GND              ; memory:mem|memOut[8], PC:programCounter|output_[8], PC:programCounter|output_[0],    ;
;                               ; due to stuck port clock   ; PC:programCounter|output_[10], PC:programCounter|output_[26],                        ;
;                               ;                           ; PC:programCounter|output_[27], memory:mem|memOut[3]                                  ;
; entrada:Buffer|output_[5]     ; Stuck at GND              ; PC:programCounter|output_[28], PC:programCounter|output_[29],                        ;
;                               ; due to stuck port clock   ; PC:programCounter|output_[30], PC:programCounter|output_[31], memory:mem|memOut[0],  ;
;                               ;                           ; memory:mem|memOut[1], memory:mem|memOut[2]                                           ;
; controlUnit:control|estado.s2 ; Lost Fanouts              ; divisorClk:divClk1|clk, divisorClk:divClk1|cont[17], divisorClk:divClk1|cont[16],    ;
;                               ;                           ; divisorClk:divClk1|cont[15], divisorClk:divClk1|cont[14],                            ;
;                               ;                           ; divisorClk:divClk1|cont[13]                                                          ;
; IR:inst|imme[7]               ; Stuck at GND              ; memory:mem|memOut[7], PC:programCounter|output_[9]                                   ;
;                               ; due to stuck port clock   ;                                                                                      ;
; controlUnit:control|estado~6  ; Lost Fanouts              ; controlUnit:control|estado.s0, controlUnit:control|estado.s6                         ;
; IR:inst|rs[1]                 ; Stuck at GND              ; memory:mem|memOut[22]                                                                ;
;                               ; due to stuck port clock   ;                                                                                      ;
; IR:inst|rs[0]                 ; Stuck at GND              ; memory:mem|memOut[21]                                                                ;
;                               ; due to stuck port clock   ;                                                                                      ;
; IR:inst|rt[2]                 ; Stuck at GND              ; memory:mem|memOut[18]                                                                ;
;                               ; due to stuck port clock   ;                                                                                      ;
; IR:inst|rs[2]                 ; Stuck at GND              ; memory:mem|memOut[23]                                                                ;
;                               ; due to stuck port clock   ;                                                                                      ;
; IR:inst|rs[3]                 ; Stuck at GND              ; memory:mem|memOut[24]                                                                ;
;                               ; due to stuck port clock   ;                                                                                      ;
; IR:inst|rs[4]                 ; Stuck at GND              ; memory:mem|memOut[25]                                                                ;
;                               ; due to stuck port clock   ;                                                                                      ;
; IR:inst|opcode[0]             ; Stuck at GND              ; memory:mem|memOut[26]                                                                ;
;                               ; due to stuck port clock   ;                                                                                      ;
; IR:inst|opcode[3]             ; Stuck at GND              ; memory:mem|memOut[29]                                                                ;
;                               ; due to stuck port clock   ;                                                                                      ;
; IR:inst|opcode[4]             ; Stuck at GND              ; memory:mem|memOut[30]                                                                ;
;                               ; due to stuck port clock   ;                                                                                      ;
; DeBounce:btnReset|DB_out      ; Stuck at GND              ; DeBounce:btnReset|DFF1                                                               ;
;                               ; due to stuck port data_in ;                                                                                      ;
; controlUnit:control|estado~7  ; Lost Fanouts              ; controlUnit:control|estado.s1                                                        ;
; controlUnit:control|estado.s4 ; Stuck at GND              ; controlUnit:control|estado.s7                                                        ;
;                               ; due to stuck port data_in ;                                                                                      ;
; IR:inst|rt[4]                 ; Stuck at GND              ; memory:mem|memOut[20]                                                                ;
;                               ; due to stuck port clock   ;                                                                                      ;
; IR:inst|rt[3]                 ; Stuck at GND              ; memory:mem|memOut[19]                                                                ;
;                               ; due to stuck port clock   ;                                                                                      ;
; IR:inst|rt[1]                 ; Stuck at GND              ; memory:mem|memOut[17]                                                                ;
;                               ; due to stuck port clock   ;                                                                                      ;
; IR:inst|rt[0]                 ; Stuck at GND              ; memory:mem|memOut[16]                                                                ;
;                               ; due to stuck port clock   ;                                                                                      ;
; IR:inst|imme[15]              ; Stuck at GND              ; memory:mem|memOut[15]                                                                ;
;                               ; due to stuck port clock   ;                                                                                      ;
; IR:inst|imme[14]              ; Stuck at GND              ; memory:mem|memOut[14]                                                                ;
;                               ; due to stuck port clock   ;                                                                                      ;
; IR:inst|imme[13]              ; Stuck at GND              ; memory:mem|memOut[13]                                                                ;
;                               ; due to stuck port clock   ;                                                                                      ;
; IR:inst|imme[12]              ; Stuck at GND              ; memory:mem|memOut[12]                                                                ;
;                               ; due to stuck port clock   ;                                                                                      ;
; IR:inst|imme[11]              ; Stuck at GND              ; memory:mem|memOut[11]                                                                ;
;                               ; due to stuck port clock   ;                                                                                      ;
; IR:inst|imme[10]              ; Stuck at GND              ; memory:mem|memOut[10]                                                                ;
;                               ; due to stuck port clock   ;                                                                                      ;
; IR:inst|imme[9]               ; Stuck at GND              ; memory:mem|memOut[9]                                                                 ;
;                               ; due to stuck port clock   ;                                                                                      ;
; IR:inst|imme[6]               ; Stuck at GND              ; memory:mem|memOut[6]                                                                 ;
;                               ; due to stuck port clock   ;                                                                                      ;
; IR:inst|opcode[1]             ; Lost Fanouts              ; memory:mem|memOut[27]                                                                ;
; IR:inst|opcode[2]             ; Lost Fanouts              ; memory:mem|memOut[28]                                                                ;
+-------------------------------+---------------------------+--------------------------------------------------------------------------------------+


+------------------------------------------------------+
; General Register Statistics                          ;
+----------------------------------------------+-------+
; Statistic                                    ; Value ;
+----------------------------------------------+-------+
; Total registers                              ; 0     ;
; Number of registers using Synchronous Clear  ; 0     ;
; Number of registers using Synchronous Load   ; 0     ;
; Number of registers using Asynchronous Clear ; 0     ;
; Number of registers using Asynchronous Load  ; 0     ;
; Number of registers using Clock Enable       ; 0     ;
; Number of registers using Preset             ; 0     ;
+----------------------------------------------+-------+


+------------------------------------------------------------------+
; Parameter Settings for User Entity Instance: controlUnit:control ;
+----------------+-------+-----------------------------------------+
; Parameter Name ; Value ; Type                                    ;
+----------------+-------+-----------------------------------------+
; s0             ; 0000  ; Unsigned Binary                         ;
; s1             ; 0001  ; Unsigned Binary                         ;
; s2             ; 0010  ; Unsigned Binary                         ;
; s3             ; 0011  ; Unsigned Binary                         ;
; s4             ; 0100  ; Unsigned Binary                         ;
; s5             ; 0101  ; Unsigned Binary                         ;
; s6             ; 0110  ; Unsigned Binary                         ;
; s7             ; 0111  ; Unsigned Binary                         ;
; s8             ; 1000  ; Unsigned Binary                         ;
; s9             ; 1001  ; Unsigned Binary                         ;
; s10            ; 1010  ; Unsigned Binary                         ;
; s11            ; 1011  ; Unsigned Binary                         ;
+----------------+-------+-----------------------------------------+
Note: In order to hide this table in the UI and the text report file, please set the "Show Parameter Settings in Synthesis Report" option in "Analysis and Synthesis Settings -> More Settings" to "Off".


+----------------------------------------------------------------+
; Parameter Settings for User Entity Instance: DeBounce:btnReset ;
+----------------+-------+---------------------------------------+
; Parameter Name ; Value ; Type                                  ;
+----------------+-------+---------------------------------------+
; N              ; 11    ; Signed Integer                        ;
+----------------+-------+---------------------------------------+
Note: In order to hide this table in the UI and the text report file, please set the "Show Parameter Settings in Synthesis Report" option in "Analysis and Synthesis Settings -> More Settings" to "Off".


+----------------------------------------------------------------+
; Parameter Settings for User Entity Instance: DeBounce:btnEnter ;
+----------------+-------+---------------------------------------+
; Parameter Name ; Value ; Type                                  ;
+----------------+-------+---------------------------------------+
; N              ; 11    ; Signed Integer                        ;
+----------------+-------+---------------------------------------+
Note: In order to hide this table in the UI and the text report file, please set the "Show Parameter Settings in Synthesis Report" option in "Analysis and Synthesis Settings -> More Settings" to "Off".


+----------------------------------------------------------------------------------------------------------------------------------------------------------------------------+
; Port Connectivity Checks: "entrada:Buffer"                                                                                                                                 ;
+---------+--------+----------+----------------------------------------------------------------------------------------------------------------------------------------------+
; Port    ; Type   ; Severity ; Details                                                                                                                                      ;
+---------+--------+----------+----------------------------------------------------------------------------------------------------------------------------------------------+
; output_ ; Output ; Warning  ; Output or bidir port (32 bits) is wider than the port expression (16 bits) it drives; bit(s) "output_[31..16]" have no fanouts               ;
; clk     ; Input  ; Warning  ; Declared by entity but not connected by instance. If a default value exists, it will be used.  Otherwise, the port will be connected to GND. ;
+---------+--------+----------+----------------------------------------------------------------------------------------------------------------------------------------------+


+--------------------------------------------------------------------------------------------------------------------------------------------------------------------------------------------------------------+
; Port Connectivity Checks: "controlULA:control1"                                                                                                                                                              ;
+--------+-------+----------+----------------------------------------------------------------------------------------------------------------------------------------------------------------------------------+
; Port   ; Type  ; Severity ; Details                                                                                                                                                                          ;
+--------+-------+----------+----------------------------------------------------------------------------------------------------------------------------------------------------------------------------------+
; _input ; Input ; Warning  ; Input port expression (7 bits) is wider than the input port (6 bits) it drives.  The 1 most-significant bit(s) in the expression will be dangling if they have no other fanouts. ;
; opcode ; Input ; Warning  ; Input port expression (5 bits) is smaller than the input port (6 bits) it drives.  Extra input bit(s) "opcode[5..5]" will be connected to GND.                                   ;
+--------+-------+----------+----------------------------------------------------------------------------------------------------------------------------------------------------------------------------------+


+-----------------------------------------------------------------------------------------------------------------------------------------------------------------------------+
; Port Connectivity Checks: "controlUnit:control"                                                                                                                             ;
+--------+--------+----------+------------------------------------------------------------------------------------------------------------------------------------------------+
; Port   ; Type   ; Severity ; Details                                                                                                                                        ;
+--------+--------+----------+------------------------------------------------------------------------------------------------------------------------------------------------+
; opcode ; Input  ; Warning  ; Input port expression (5 bits) is smaller than the input port (6 bits) it drives.  Extra input bit(s) "opcode[5..5]" will be connected to GND. ;
; pcCond ; Output ; Info     ; Connected to dangling logic. Logic that only feeds a dangling port will be removed.                                                            ;
; pcSrc  ; Output ; Warning  ; Output or bidir port (2 bits) is wider than the port expression (1 bits) it drives; bit(s) "pcSrc[1..1]" have no fanouts                       ;
+--------+--------+----------+------------------------------------------------------------------------------------------------------------------------------------------------+


+------------------------------------------------------------------------------------------------------------------------------------------------------------+
; Port Connectivity Checks: "mux5:muxReg"                                                                                                                    ;
+---------+--------+----------+------------------------------------------------------------------------------------------------------------------------------+
; Port    ; Type   ; Severity ; Details                                                                                                                      ;
+---------+--------+----------+------------------------------------------------------------------------------------------------------------------------------+
; output_ ; Output ; Warning  ; Output or bidir port (32 bits) is wider than the port expression (6 bits) it drives; bit(s) "output_[31..6]" have no fanouts ;
+---------+--------+----------+------------------------------------------------------------------------------------------------------------------------------+


+-----------------------------------------------------------------------------------------------------------------------------------------------------------------------------------+
; Port Connectivity Checks: "mux32B:muxData"                                                                                                                                        ;
+---------+--------+----------+-----------------------------------------------------------------------------------------------------------------------------------------------------+
; Port    ; Type   ; Severity ; Details                                                                                                                                             ;
+---------+--------+----------+-----------------------------------------------------------------------------------------------------------------------------------------------------+
; _input2 ; Input  ; Warning  ; Input port expression (16 bits) is smaller than the input port (32 bits) it drives.  Extra input bit(s) "_input2[31..16]" will be connected to GND. ;
; _input3 ; Input  ; Warning  ; Input port expression (16 bits) is smaller than the input port (32 bits) it drives.  Extra input bit(s) "_input3[31..16]" will be connected to GND. ;
; output_ ; Output ; Warning  ; Output or bidir port (32 bits) is wider than the port expression (6 bits) it drives; bit(s) "output_[31..6]" have no fanouts                        ;
+---------+--------+----------+-----------------------------------------------------------------------------------------------------------------------------------------------------+


+---------------------------------------------------------------------------------------------------------------------------+
; Port Connectivity Checks: "SL2:sl2"                                                                                       ;
+-----------------+--------+----------+-------------------------------------------------------------------------------------+
; Port            ; Type   ; Severity ; Details                                                                             ;
+-----------------+--------+----------+-------------------------------------------------------------------------------------+
; _input[31..26]  ; Input  ; Info     ; Stuck at GND                                                                        ;
; output_[31..28] ; Output ; Info     ; Connected to dangling logic. Logic that only feeds a dangling port will be removed. ;
+-----------------+--------+----------+-------------------------------------------------------------------------------------+


+--------------------------------------------------------------------------------------------------------------------------------------------------------------------------------+
; Port Connectivity Checks: "SL2:sl1"                                                                                                                                            ;
+--------+-------+----------+----------------------------------------------------------------------------------------------------------------------------------------------------+
; Port   ; Type  ; Severity ; Details                                                                                                                                            ;
+--------+-------+----------+----------------------------------------------------------------------------------------------------------------------------------------------------+
; _input ; Input ; Warning  ; Input port expression (16 bits) is smaller than the input port (32 bits) it drives.  Extra input bit(s) "_input[31..16]" will be connected to GND. ;
+--------+-------+----------+----------------------------------------------------------------------------------------------------------------------------------------------------+


+----------------------------------------------------------------------------------------------------------------------------------------------------------------------------------+
; Port Connectivity Checks: "mux32B:muxPC"                                                                                                                                         ;
+---------+-------+----------+-----------------------------------------------------------------------------------------------------------------------------------------------------+
; Port    ; Type  ; Severity ; Details                                                                                                                                             ;
+---------+-------+----------+-----------------------------------------------------------------------------------------------------------------------------------------------------+
; _input2 ; Input ; Warning  ; Input port expression (28 bits) is smaller than the input port (32 bits) it drives.  Extra input bit(s) "_input2[31..28]" will be connected to GND. ;
; _input3 ; Input ; Warning  ; Input port expression (28 bits) is smaller than the input port (32 bits) it drives.  Extra input bit(s) "_input3[31..28]" will be connected to GND. ;
; sel     ; Input ; Warning  ; Input port expression (1 bits) is smaller than the input port (2 bits) it drives.  Extra input bit(s) "sel[1..1]" will be connected to GND.         ;
+---------+-------+----------+-----------------------------------------------------------------------------------------------------------------------------------------------------+


+----------------------------------------------------------------------------------------------------------------+
; Port Connectivity Checks: "ALU:ula"                                                                            ;
+------+--------+----------+-------------------------------------------------------------------------------------+
; Port ; Type   ; Severity ; Details                                                                             ;
+------+--------+----------+-------------------------------------------------------------------------------------+
; zero ; Output ; Info     ; Connected to dangling logic. Logic that only feeds a dangling port will be removed. ;
+------+--------+----------+-------------------------------------------------------------------------------------+


+-----------------------------------------------------------------------------------------------------------------------------------------------------------------------------------------+
; Port Connectivity Checks: "mux32B:muxB"                                                                                                                                                 ;
+----------------+-------+----------+-----------------------------------------------------------------------------------------------------------------------------------------------------+
; Port           ; Type  ; Severity ; Details                                                                                                                                             ;
+----------------+-------+----------+-----------------------------------------------------------------------------------------------------------------------------------------------------+
; _input1        ; Input ; Warning  ; Input port expression (25 bits) is smaller than the input port (32 bits) it drives.  Extra input bit(s) "_input1[31..25]" will be connected to GND. ;
; _input1[24..3] ; Input ; Info     ; Stuck at GND                                                                                                                                        ;
; _input1[1..0]  ; Input ; Info     ; Stuck at GND                                                                                                                                        ;
; _input1[9]     ; Input ; Info     ; Stuck at VCC                                                                                                                                        ;
+----------------+-------+----------+-----------------------------------------------------------------------------------------------------------------------------------------------------+


+-----------------------------------------------------------------------------------------------------------------------------------------------------------------------------------------------------------------+
; Port Connectivity Checks: "registers:banco"                                                                                                                                                                     ;
+-----------+-------+----------+----------------------------------------------------------------------------------------------------------------------------------------------------------------------------------+
; Port      ; Type  ; Severity ; Details                                                                                                                                                                          ;
+-----------+-------+----------+----------------------------------------------------------------------------------------------------------------------------------------------------------------------------------+
; writeReg  ; Input ; Warning  ; Input port expression (6 bits) is wider than the input port (5 bits) it drives.  The 1 most-significant bit(s) in the expression will be dangling if they have no other fanouts. ;
; writeData ; Input ; Warning  ; Input port expression (6 bits) is smaller than the input port (32 bits) it drives.  Extra input bit(s) "writeData[31..6]" will be connected to GND.                              ;
+-----------+-------+----------+----------------------------------------------------------------------------------------------------------------------------------------------------------------------------------+


+---------------------------------------------------------------------------------------------------------------------------------------------------------------------------+
; Port Connectivity Checks: "IR:inst"                                                                                                                                       ;
+--------+--------+----------+----------------------------------------------------------------------------------------------------------------------------------------------+
; Port   ; Type   ; Severity ; Details                                                                                                                                      ;
+--------+--------+----------+----------------------------------------------------------------------------------------------------------------------------------------------+
; opcode ; Output ; Warning  ; Output or bidir port (6 bits) is wider than the port expression (5 bits) it drives; bit(s) "opcode[5..5]" have no fanouts                    ;
; clk    ; Input  ; Warning  ; Declared by entity but not connected by instance. If a default value exists, it will be used.  Otherwise, the port will be connected to GND. ;
+--------+--------+----------+----------------------------------------------------------------------------------------------------------------------------------------------+


+------------------------------------------------------------------------------------------------------------------------------------------------------------------------+
; Port Connectivity Checks: "PC:programCounter"                                                                                                                          ;
+------+-------+----------+----------------------------------------------------------------------------------------------------------------------------------------------+
; Port ; Type  ; Severity ; Details                                                                                                                                      ;
+------+-------+----------+----------------------------------------------------------------------------------------------------------------------------------------------+
; clk  ; Input ; Warning  ; Declared by entity but not connected by instance. If a default value exists, it will be used.  Otherwise, the port will be connected to GND. ;
+------+-------+----------+----------------------------------------------------------------------------------------------------------------------------------------------+


+-----------------------------------------------------+
; Post-Synthesis Netlist Statistics for Top Partition ;
+-----------------------+-----------------------------+
; Type                  ; Count                       ;
+-----------------------+-----------------------------+
; boundary_port         ; 40                          ;
; cycloneiii_lcell_comb ; 1                           ;
;     normal            ; 1                           ;
;         0 data inputs ; 1                           ;
;                       ;                             ;
; Max LUT depth         ; 0.00                        ;
; Average LUT depth     ; 0.00                        ;
+-----------------------+-----------------------------+


+-------------------------------+
; Elapsed Time Per Partition    ;
+----------------+--------------+
; Partition Name ; Elapsed Time ;
+----------------+--------------+
; Top            ; 00:00:00     ;
+----------------+--------------+


+-------------------------------+
; Analysis & Synthesis Messages ;
+-------------------------------+
Info: *******************************************************************
Info: Running Quartus Prime Analysis & Synthesis
    Info: Version 17.1.0 Build 590 10/25/2017 SJ Standard Edition
    Info: Processing started: Tue Jun 11 22:02:32 2019
Info: Command: quartus_map --read_settings_files=on --write_settings_files=off CPMath -c CPMath
Warning (18236): Number of processors has not been specified which may cause overloading on shared machines.  Set the global assignment NUM_PARALLEL_PROCESSORS in your QSF to an appropriate value for best performance.
Info (20030): Parallel compilation is enabled and will use 4 of the 4 processors detected
Info (12021): Found 1 design units, including 1 entities, in source file SL2.v
    Info (12023): Found entity 1: SL2 File: /home-local/aluno/CPMath/SL2.v Line: 1
Info (12021): Found 1 design units, including 1 entities, in source file signExtend.v
    Info (12023): Found entity 1: signExtend File: /home-local/aluno/CPMath/signExtend.v Line: 1
Info (12021): Found 1 design units, including 1 entities, in source file saida.v
    Info (12023): Found entity 1: saida File: /home-local/aluno/CPMath/saida.v Line: 1
Info (12021): Found 1 design units, including 1 entities, in source file registers.v
    Info (12023): Found entity 1: registers File: /home-local/aluno/CPMath/registers.v Line: 1
Info (12021): Found 1 design units, including 1 entities, in source file PC.v
    Info (12023): Found entity 1: PC File: /home-local/aluno/CPMath/PC.v Line: 1
Info (12021): Found 1 design units, including 1 entities, in source file mux32B.v
    Info (12023): Found entity 1: mux32B File: /home-local/aluno/CPMath/mux32B.v Line: 1
Info (12021): Found 1 design units, including 1 entities, in source file mux32.v
    Info (12023): Found entity 1: mux32 File: /home-local/aluno/CPMath/mux32.v Line: 1
Info (12021): Found 1 design units, including 1 entities, in source file mux5.v
    Info (12023): Found entity 1: mux5 File: /home-local/aluno/CPMath/mux5.v Line: 1
Info (12021): Found 1 design units, including 1 entities, in source file memory.v
    Info (12023): Found entity 1: memory File: /home-local/aluno/CPMath/memory.v Line: 1
Info (12021): Found 1 design units, including 1 entities, in source file IR.v
    Info (12023): Found entity 1: IR File: /home-local/aluno/CPMath/IR.v Line: 1
Info (12021): Found 1 design units, including 1 entities, in source file GPR.v
    Info (12023): Found entity 1: GPR File: /home-local/aluno/CPMath/GPR.v Line: 1
Info (12021): Found 1 design units, including 1 entities, in source file Entrada.v
    Info (12023): Found entity 1: entrada File: /home-local/aluno/CPMath/Entrada.v Line: 1
Info (12021): Found 1 design units, including 1 entities, in source file controlUnit.v
    Info (12023): Found entity 1: controlUnit File: /home-local/aluno/CPMath/controlUnit.v Line: 1
Info (12021): Found 1 design units, including 1 entities, in source file BCD.v
    Info (12023): Found entity 1: BCD File: /home-local/aluno/CPMath/BCD.v Line: 1
Info (12021): Found 1 design units, including 1 entities, in source file ALU.v
    Info (12023): Found entity 1: ALU File: /home-local/aluno/CPMath/ALU.v Line: 1
Info (12021): Found 1 design units, including 1 entities, in source file controlULA.v
    Info (12023): Found entity 1: controlULA File: /home-local/aluno/CPMath/controlULA.v Line: 1
Info (12021): Found 1 design units, including 1 entities, in source file CPMath.v
    Info (12023): Found entity 1: CPMath File: /home-local/aluno/CPMath/CPMath.v Line: 1
Info (12021): Found 1 design units, including 1 entities, in source file divisorClk.v
    Info (12023): Found entity 1: divisorClk File: /home-local/aluno/CPMath/divisorClk.v Line: 1
Info (12021): Found 1 design units, including 1 entities, in source file DeBounce.v
    Info (12023): Found entity 1: DeBounce File: /home-local/aluno/CPMath/DeBounce.v Line: 25
Info (12127): Elaborating entity "CPMath" for the top level hierarchy
Warning (10034): Output port "display0" at CPMath.v(6) has no driver File: /home-local/aluno/CPMath/CPMath.v Line: 6
Warning (10034): Output port "display1" at CPMath.v(6) has no driver File: /home-local/aluno/CPMath/CPMath.v Line: 6
Warning (10034): Output port "display2" at CPMath.v(6) has no driver File: /home-local/aluno/CPMath/CPMath.v Line: 6
Info (12128): Elaborating entity "PC" for hierarchy "PC:programCounter" File: /home-local/aluno/CPMath/CPMath.v Line: 44
Info (12128): Elaborating entity "mux32" for hierarchy "mux32:muxMem" File: /home-local/aluno/CPMath/CPMath.v Line: 47
Info (12128): Elaborating entity "memory" for hierarchy "memory:mem" File: /home-local/aluno/CPMath/CPMath.v Line: 51
Info (12128): Elaborating entity "IR" for hierarchy "IR:inst" File: /home-local/aluno/CPMath/CPMath.v Line: 54
Info (12128): Elaborating entity "registers" for hierarchy "registers:banco" File: /home-local/aluno/CPMath/CPMath.v Line: 58
Info (12128): Elaborating entity "GPR" for hierarchy "GPR:A" File: /home-local/aluno/CPMath/CPMath.v Line: 61
Info (12128): Elaborating entity "mux32B" for hierarchy "mux32B:muxB" File: /home-local/aluno/CPMath/CPMath.v Line: 69
Info (12128): Elaborating entity "ALU" for hierarchy "ALU:ula" File: /home-local/aluno/CPMath/CPMath.v Line: 72
Info (12128): Elaborating entity "signExtend" for hierarchy "signExtend:se1" File: /home-local/aluno/CPMath/CPMath.v Line: 85
Info (12128): Elaborating entity "SL2" for hierarchy "SL2:sl1" File: /home-local/aluno/CPMath/CPMath.v Line: 88
Info (12128): Elaborating entity "mux5" for hierarchy "mux5:muxReg" File: /home-local/aluno/CPMath/CPMath.v Line: 98
Info (12128): Elaborating entity "controlUnit" for hierarchy "controlUnit:control" File: /home-local/aluno/CPMath/CPMath.v Line: 103
Info (12128): Elaborating entity "controlULA" for hierarchy "controlULA:control1" File: /home-local/aluno/CPMath/CPMath.v Line: 106
Info (12128): Elaborating entity "entrada" for hierarchy "entrada:Buffer" File: /home-local/aluno/CPMath/CPMath.v Line: 113
Info (12128): Elaborating entity "divisorClk" for hierarchy "divisorClk:divClk1" File: /home-local/aluno/CPMath/CPMath.v Line: 116
Info (12128): Elaborating entity "DeBounce" for hierarchy "DeBounce:btnReset" File: /home-local/aluno/CPMath/CPMath.v Line: 119
Warning (10230): Verilog HDL assignment warning at DeBounce.v(51): truncated value with size 32 to match size of target (11) File: /home-local/aluno/CPMath/DeBounce.v Line: 51
Warning (12241): 11 hierarchies have connectivity warnings - see the Connectivity Checks report folder
Warning (13024): Output pins are stuck at VCC or GND
    Warning (13410): Pin "display0[0]" is stuck at GND File: /home-local/aluno/CPMath/CPMath.v Line: 6
    Warning (13410): Pin "display0[1]" is stuck at GND File: /home-local/aluno/CPMath/CPMath.v Line: 6
    Warning (13410): Pin "display0[2]" is stuck at GND File: /home-local/aluno/CPMath/CPMath.v Line: 6
    Warning (13410): Pin "display0[3]" is stuck at GND File: /home-local/aluno/CPMath/CPMath.v Line: 6
    Warning (13410): Pin "display0[4]" is stuck at GND File: /home-local/aluno/CPMath/CPMath.v Line: 6
    Warning (13410): Pin "display0[5]" is stuck at GND File: /home-local/aluno/CPMath/CPMath.v Line: 6
    Warning (13410): Pin "display0[6]" is stuck at GND File: /home-local/aluno/CPMath/CPMath.v Line: 6
    Warning (13410): Pin "display1[0]" is stuck at GND File: /home-local/aluno/CPMath/CPMath.v Line: 6
    Warning (13410): Pin "display1[1]" is stuck at GND File: /home-local/aluno/CPMath/CPMath.v Line: 6
    Warning (13410): Pin "display1[2]" is stuck at GND File: /home-local/aluno/CPMath/CPMath.v Line: 6
    Warning (13410): Pin "display1[3]" is stuck at GND File: /home-local/aluno/CPMath/CPMath.v Line: 6
    Warning (13410): Pin "display1[4]" is stuck at GND File: /home-local/aluno/CPMath/CPMath.v Line: 6
    Warning (13410): Pin "display1[5]" is stuck at GND File: /home-local/aluno/CPMath/CPMath.v Line: 6
    Warning (13410): Pin "display1[6]" is stuck at GND File: /home-local/aluno/CPMath/CPMath.v Line: 6
    Warning (13410): Pin "display2[0]" is stuck at GND File: /home-local/aluno/CPMath/CPMath.v Line: 6
    Warning (13410): Pin "display2[1]" is stuck at GND File: /home-local/aluno/CPMath/CPMath.v Line: 6
    Warning (13410): Pin "display2[2]" is stuck at GND File: /home-local/aluno/CPMath/CPMath.v Line: 6
    Warning (13410): Pin "display2[3]" is stuck at GND File: /home-local/aluno/CPMath/CPMath.v Line: 6
    Warning (13410): Pin "display2[4]" is stuck at GND File: /home-local/aluno/CPMath/CPMath.v Line: 6
    Warning (13410): Pin "display2[5]" is stuck at GND File: /home-local/aluno/CPMath/CPMath.v Line: 6
    Warning (13410): Pin "display2[6]" is stuck at GND File: /home-local/aluno/CPMath/CPMath.v Line: 6
Info (17049): 57 registers lost all their fanouts during netlist optimizations.
Info (16010): Generating hard_block partition "hard_block:auto_generated_inst"
    Info (16011): Adding 0 node(s), including 0 DDIO, 0 PLL, 0 transceiver and 0 LCELL
Warning (21074): Design contains 19 input pin(s) that do not drive logic
    Warning (15610): No output dependent on input pin "btn_reset" File: /home-local/aluno/CPMath/CPMath.v Line: 3
    Warning (15610): No output dependent on input pin "switch[0]" File: /home-local/aluno/CPMath/CPMath.v Line: 5
    Warning (15610): No output dependent on input pin "switch[1]" File: /home-local/aluno/CPMath/CPMath.v Line: 5
    Warning (15610): No output dependent on input pin "switch[2]" File: /home-local/aluno/CPMath/CPMath.v Line: 5
    Warning (15610): No output dependent on input pin "switch[3]" File: /home-local/aluno/CPMath/CPMath.v Line: 5
    Warning (15610): No output dependent on input pin "switch[4]" File: /home-local/aluno/CPMath/CPMath.v Line: 5
    Warning (15610): No output dependent on input pin "switch[5]" File: /home-local/aluno/CPMath/CPMath.v Line: 5
    Warning (15610): No output dependent on input pin "switch[6]" File: /home-local/aluno/CPMath/CPMath.v Line: 5
    Warning (15610): No output dependent on input pin "switch[7]" File: /home-local/aluno/CPMath/CPMath.v Line: 5
    Warning (15610): No output dependent on input pin "switch[8]" File: /home-local/aluno/CPMath/CPMath.v Line: 5
    Warning (15610): No output dependent on input pin "switch[9]" File: /home-local/aluno/CPMath/CPMath.v Line: 5
    Warning (15610): No output dependent on input pin "switch[10]" File: /home-local/aluno/CPMath/CPMath.v Line: 5
    Warning (15610): No output dependent on input pin "switch[11]" File: /home-local/aluno/CPMath/CPMath.v Line: 5
    Warning (15610): No output dependent on input pin "switch[12]" File: /home-local/aluno/CPMath/CPMath.v Line: 5
    Warning (15610): No output dependent on input pin "switch[13]" File: /home-local/aluno/CPMath/CPMath.v Line: 5
    Warning (15610): No output dependent on input pin "switch[14]" File: /home-local/aluno/CPMath/CPMath.v Line: 5
    Warning (15610): No output dependent on input pin "switch[15]" File: /home-local/aluno/CPMath/CPMath.v Line: 5
    Warning (15610): No output dependent on input pin "btn_enter" File: /home-local/aluno/CPMath/CPMath.v Line: 3
    Warning (15610): No output dependent on input pin "clk_50mhz" File: /home-local/aluno/CPMath/CPMath.v Line: 3
Info (21057): Implemented 40 device resources after synthesis - the final resource count might be different
    Info (21058): Implemented 19 input pins
    Info (21059): Implemented 21 output pins
Info: Quartus Prime Analysis & Synthesis was successful. 0 errors, 48 warnings
    Info: Peak virtual memory: 933 megabytes
    Info: Processing ended: Tue Jun 11 22:02:43 2019
    Info: Elapsed time: 00:00:11
    Info: Total CPU time (on all processors): 00:00:25


